<?xml version="1.0" encoding="UTF-8"?>
<testsuite xmlns:xsi="http://www.w3.org/2001/XMLSchema-instance" xsi:noNamespaceSchemaLocation="https://maven.apache.org/surefire/maven-surefire-plugin/xsd/surefire-test-report-3.0.xsd" version="3.0" name="com.pos.usuario.controller.UsuarioControllerTest" time="2.554" tests="11" errors="0" skipped="0" failures="0">
  <properties>
[...]
</properties>
  <testcase name="actualizarUsuario_debeActualizarYRetornar200" classname="com.pos.usuario.controller.UsuarioControllerTest" time="0.279">
    <system-out><![CDATA[20:22:29.324 [main] INFO org.springframework.test.context.support.AnnotationConfigContextLoaderUtils -- Could not detect default configuration classes for test class [com.pos.usuario.controller.UsuarioControllerTest]: UsuarioControllerTest does not declare any static, non-private, non-final, nested classes annotated with @Configuration.
20:22:29.495 [main] INFO org.springframework.boot.test.context.SpringBootTestContextBootstrapper -- Found @SpringBootConfiguration com.pos.PosApplication for test class com.pos.usuario.controller.UsuarioControllerTest

  .   ____          _            __ _ _
 /\\ / ___'_ __ _ _(_)_ __  __ _ \ \ \ \
( ( )\___ | '_ | '_| | '_ \/ _` | \ \ \ \
 \\/  ___)| |_)| | | | | || (_| |  ) ) ) )
  '  |____| .__|_| |_|_| |_\__, | / / / /
 =========|_|==============|___/=/_/_/_/
 :: Spring Boot ::                (v3.1.5)

2025-12-21T20:22:29.885Z  INFO 128 --- [           main] c.p.u.controller.UsuarioControllerTest   : Starting UsuarioControllerTest using Java 17.0.17 with PID 128 (started by root in /app)
2025-12-21T20:22:29.887Z DEBUG 128 --- [           main] c.p.u.controller.UsuarioControllerTest   : Running with Spring Boot v3.1.5, Spring v6.0.13
2025-12-21T20:22:29.887Z  INFO 128 --- [           main] c.p.u.controller.UsuarioControllerTest   : No active profile set, falling back to 1 default profile: "default"
2025-12-21T20:22:29.904Z DEBUG 128 --- [           main] o.s.w.c.s.GenericWebApplicationContext   : Refreshing org.springframework.web.context.support.GenericWebApplicationContext@f425231
2025-12-21T20:22:30.851Z DEBUG 128 --- [           main] s.w.s.m.m.a.RequestMappingHandlerAdapter : ControllerAdvice beans: 0 @ModelAttribute, 0 @InitBinder, 1 RequestBodyAdvice, 1 ResponseBodyAdvice
2025-12-21T20:22:30.947Z DEBUG 128 --- [           main] s.w.s.m.m.a.RequestMappingHandlerMapping : 9 mappings in 'requestMappingHandlerMapping'
2025-12-21T20:22:30.967Z DEBUG 128 --- [           main] o.s.w.s.handler.SimpleUrlHandlerMapping  : Patterns [/webjars/**, /**] in 'resourceHandlerMapping'
2025-12-21T20:22:30.980Z DEBUG 128 --- [           main] .m.m.a.ExceptionHandlerExceptionResolver : ControllerAdvice beans: 1 @ExceptionHandler, 1 ResponseBodyAdvice
2025-12-21T20:22:31.022Z TRACE 128 --- [           main] eGlobalAuthenticationAutowiredConfigurer : Eagerly initializing {org.springframework.boot.autoconfigure.security.servlet.SpringBootWebSecurityConfiguration$WebSecurityEnablerConfiguration=org.springframework.boot.autoconfigure.security.servlet.SpringBootWebSecurityConfiguration$WebSecurityEnablerConfiguration@59313495}
2025-12-21T20:22:31.029Z  WARN 128 --- [           main] .s.s.UserDetailsServiceAutoConfiguration : 

Using generated security password: 7fabc2ca-a294-4710-b3ce-724e461571e9

This generated password is for development use only. Your security configuration must be updated before running your application in production.

2025-12-21T20:22:31.141Z  INFO 128 --- [           main] o.s.s.web.DefaultSecurityFilterChain     : Will secure any request with [org.springframework.security.web.session.DisableEncodeUrlFilter@b77b0a0, org.springframework.security.web.context.request.async.WebAsyncManagerIntegrationFilter@15be68b, org.springframework.security.web.context.SecurityContextHolderFilter@c67395, org.springframework.security.web.header.HeaderWriterFilter@1958c0d9, org.springframework.security.web.csrf.CsrfFilter@377e573a, org.springframework.security.web.authentication.logout.LogoutFilter@55c03e4, org.springframework.security.web.authentication.UsernamePasswordAuthenticationFilter@604f376a, org.springframework.security.web.authentication.ui.DefaultLoginPageGeneratingFilter@61993d18, org.springframework.security.web.authentication.ui.DefaultLogoutPageGeneratingFilter@22ff1372, org.springframework.security.web.authentication.www.BasicAuthenticationFilter@10166230, org.springframework.security.web.savedrequest.RequestCacheAwareFilter@20a47036, org.springframework.security.web.servletapi.SecurityContextHolderAwareRequestFilter@26865b57, org.springframework.security.web.authentication.AnonymousAuthenticationFilter@356341c9, org.springframework.security.web.access.ExceptionTranslationFilter@1e606f64, org.springframework.security.web.access.intercept.AuthorizationFilter@1488a861]
2025-12-21T20:22:31.195Z  INFO 128 --- [           main] o.s.b.t.m.w.SpringBootMockServletContext : Initializing Spring TestDispatcherServlet ''
2025-12-21T20:22:31.196Z  INFO 128 --- [           main] o.s.t.web.servlet.TestDispatcherServlet  : Initializing Servlet ''
2025-12-21T20:22:31.199Z  INFO 128 --- [           main] o.s.t.web.servlet.TestDispatcherServlet  : Completed initialization in 3 ms
2025-12-21T20:22:31.221Z  INFO 128 --- [           main] c.p.u.controller.UsuarioControllerTest   : Started UsuarioControllerTest in 1.645 seconds (process running for 3.672)
2025-12-21T20:22:31.300Z TRACE 128 --- [           main] o.s.security.web.FilterChainProxy        : Trying to match request against DefaultSecurityFilterChain [RequestMatcher=any request, Filters=[org.springframework.security.web.session.DisableEncodeUrlFilter@b77b0a0, org.springframework.security.web.context.request.async.WebAsyncManagerIntegrationFilter@15be68b, org.springframework.security.web.context.SecurityContextHolderFilter@c67395, org.springframework.security.web.header.HeaderWriterFilter@1958c0d9, org.springframework.security.web.csrf.CsrfFilter@377e573a, org.springframework.security.web.authentication.logout.LogoutFilter@55c03e4, org.springframework.security.web.authentication.UsernamePasswordAuthenticationFilter@604f376a, org.springframework.security.web.authentication.ui.DefaultLoginPageGeneratingFilter@61993d18, org.springframework.security.web.authentication.ui.DefaultLogoutPageGeneratingFilter@22ff1372, org.springframework.security.web.authentication.www.BasicAuthenticationFilter@10166230, org.springframework.security.web.savedrequest.RequestCacheAwareFilter@20a47036, org.springframework.security.web.servletapi.SecurityContextHolderAwareRequestFilter@26865b57, org.springframework.security.web.authentication.AnonymousAuthenticationFilter@356341c9, org.springframework.security.web.access.ExceptionTranslationFilter@1e606f64, org.springframework.security.web.access.intercept.AuthorizationFilter@1488a861]] (1/1)
2025-12-21T20:22:31.301Z TRACE 128 --- [           main] o.s.security.web.FilterChainProxy        : Trying to match request against DefaultSecurityFilterChain [RequestMatcher=any request, Filters=[org.springframework.security.web.session.DisableEncodeUrlFilter@b77b0a0, org.springframework.security.web.context.request.async.WebAsyncManagerIntegrationFilter@15be68b, org.springframework.security.web.context.SecurityContextHolderFilter@c67395, org.springframework.security.web.header.HeaderWriterFilter@1958c0d9, org.springframework.security.web.csrf.CsrfFilter@377e573a, org.springframework.security.web.authentication.logout.LogoutFilter@55c03e4, org.springframework.security.web.authentication.UsernamePasswordAuthenticationFilter@604f376a, org.springframework.security.web.authentication.ui.DefaultLoginPageGeneratingFilter@61993d18, org.springframework.security.web.authentication.ui.DefaultLogoutPageGeneratingFilter@22ff1372, org.springframework.security.web.authentication.www.BasicAuthenticationFilter@10166230, org.springframework.security.web.savedrequest.RequestCacheAwareFilter@20a47036, org.springframework.security.web.servletapi.SecurityContextHolderAwareRequestFilter@26865b57, org.springframework.security.web.authentication.AnonymousAuthenticationFilter@356341c9, org.springframework.security.web.access.ExceptionTranslationFilter@1e606f64, org.springframework.security.web.access.intercept.AuthorizationFilter@1488a861]] (1/1)
2025-12-21T20:22:31.302Z TRACE 128 --- [           main] o.s.security.web.FilterChainProxy        : Trying to match request against DefaultSecurityFilterChain [RequestMatcher=any request, Filters=[org.springframework.security.web.session.DisableEncodeUrlFilter@b77b0a0, org.springframework.security.web.context.request.async.WebAsyncManagerIntegrationFilter@15be68b, org.springframework.security.web.context.SecurityContextHolderFilter@c67395, org.springframework.security.web.header.HeaderWriterFilter@1958c0d9, org.springframework.security.web.csrf.CsrfFilter@377e573a, org.springframework.security.web.authentication.logout.LogoutFilter@55c03e4, org.springframework.security.web.authentication.UsernamePasswordAuthenticationFilter@604f376a, org.springframework.security.web.authentication.ui.DefaultLoginPageGeneratingFilter@61993d18, org.springframework.security.web.authentication.ui.DefaultLogoutPageGeneratingFilter@22ff1372, org.springframework.security.web.authentication.www.BasicAuthenticationFilter@10166230, org.springframework.security.web.savedrequest.RequestCacheAwareFilter@20a47036, org.springframework.security.web.servletapi.SecurityContextHolderAwareRequestFilter@26865b57, org.springframework.security.web.authentication.AnonymousAuthenticationFilter@356341c9, org.springframework.security.web.access.ExceptionTranslationFilter@1e606f64, org.springframework.security.web.access.intercept.AuthorizationFilter@1488a861]] (1/1)
2025-12-21T20:22:31.302Z TRACE 128 --- [           main] o.s.security.web.FilterChainProxy        : Trying to match request against DefaultSecurityFilterChain [RequestMatcher=any request, Filters=[org.springframework.security.web.session.DisableEncodeUrlFilter@b77b0a0, org.springframework.security.web.context.request.async.WebAsyncManagerIntegrationFilter@15be68b, org.springframework.security.web.context.SecurityContextHolderFilter@c67395, org.springframework.security.web.header.HeaderWriterFilter@1958c0d9, org.springframework.security.web.csrf.CsrfFilter@377e573a, org.springframework.security.web.authentication.logout.LogoutFilter@55c03e4, org.springframework.security.web.authentication.UsernamePasswordAuthenticationFilter@604f376a, org.springframework.security.web.authentication.ui.DefaultLoginPageGeneratingFilter@61993d18, org.springframework.security.web.authentication.ui.DefaultLogoutPageGeneratingFilter@22ff1372, org.springframework.security.web.authentication.www.BasicAuthenticationFilter@10166230, org.springframework.security.web.savedrequest.RequestCacheAwareFilter@20a47036, org.springframework.security.web.servletapi.SecurityContextHolderAwareRequestFilter@26865b57, org.springframework.security.web.authentication.AnonymousAuthenticationFilter@356341c9, org.springframework.security.web.access.ExceptionTranslationFilter@1e606f64, org.springframework.security.web.access.intercept.AuthorizationFilter@1488a861]] (1/1)
2025-12-21T20:22:31.303Z TRACE 128 --- [           main] w.c.HttpSessionSecurityContextRepository : No HttpSession currently exists
2025-12-21T20:22:31.303Z TRACE 128 --- [           main] w.c.HttpSessionSecurityContextRepository : Created SecurityContextImpl [Null authentication]
2025-12-21T20:22:31.305Z TRACE 128 --- [           main] .s.s.w.c.SupplierDeferredSecurityContext : Created SecurityContextImpl [Null authentication]
2025-12-21T20:22:31.306Z DEBUG 128 --- [           main] w.c.HttpSessionSecurityContextRepository : Created HttpSession as SecurityContext is non-default
2025-12-21T20:22:31.307Z DEBUG 128 --- [           main] w.c.HttpSessionSecurityContextRepository : Stored SecurityContextImpl [Authentication=UsernamePasswordAuthenticationToken [Principal=org.springframework.security.core.userdetails.User [Username=user, Password=[PROTECTED], Enabled=true, AccountNonExpired=true, credentialsNonExpired=true, AccountNonLocked=true, Granted Authorities=[ROLE_ADMIN]], Credentials=[PROTECTED], Authenticated=true, Details=null, Granted Authorities=[ROLE_ADMIN]]] to HttpSession [org.springframework.mock.web.MockHttpSession@1ef93e01]
2025-12-21T20:22:31.307Z TRACE 128 --- [           main] o.s.security.web.FilterChainProxy        : Trying to match request against DefaultSecurityFilterChain [RequestMatcher=any request, Filters=[org.springframework.security.web.session.DisableEncodeUrlFilter@b77b0a0, org.springframework.security.web.context.request.async.WebAsyncManagerIntegrationFilter@15be68b, org.springframework.security.web.context.SecurityContextHolderFilter@c67395, org.springframework.security.web.header.HeaderWriterFilter@1958c0d9, org.springframework.security.web.csrf.CsrfFilter@377e573a, org.springframework.security.web.authentication.logout.LogoutFilter@55c03e4, org.springframework.security.web.authentication.UsernamePasswordAuthenticationFilter@604f376a, org.springframework.security.web.authentication.ui.DefaultLoginPageGeneratingFilter@61993d18, org.springframework.security.web.authentication.ui.DefaultLogoutPageGeneratingFilter@22ff1372, org.springframework.security.web.authentication.www.BasicAuthenticationFilter@10166230, org.springframework.security.web.savedrequest.RequestCacheAwareFilter@20a47036, org.springframework.security.web.servletapi.SecurityContextHolderAwareRequestFilter@26865b57, org.springframework.security.web.authentication.AnonymousAuthenticationFilter@356341c9, org.springframework.security.web.access.ExceptionTranslationFilter@1e606f64, org.springframework.security.web.access.intercept.AuthorizationFilter@1488a861]] (1/1)
2025-12-21T20:22:31.307Z TRACE 128 --- [           main] o.s.security.web.FilterChainProxy        : Trying to match request against DefaultSecurityFilterChain [RequestMatcher=any request, Filters=[org.springframework.security.web.session.DisableEncodeUrlFilter@b77b0a0, org.springframework.security.web.context.request.async.WebAsyncManagerIntegrationFilter@15be68b, org.springframework.security.web.context.SecurityContextHolderFilter@c67395, org.springframework.security.web.header.HeaderWriterFilter@1958c0d9, org.springframework.security.web.csrf.CsrfFilter@377e573a, org.springframework.security.web.authentication.logout.LogoutFilter@55c03e4, org.springframework.security.web.authentication.UsernamePasswordAuthenticationFilter@604f376a, org.springframework.security.web.authentication.ui.DefaultLoginPageGeneratingFilter@61993d18, org.springframework.security.web.authentication.ui.DefaultLogoutPageGeneratingFilter@22ff1372, org.springframework.security.web.authentication.www.BasicAuthenticationFilter@10166230, org.springframework.security.web.savedrequest.RequestCacheAwareFilter@20a47036, org.springframework.security.web.servletapi.SecurityContextHolderAwareRequestFilter@26865b57, org.springframework.security.web.authentication.AnonymousAuthenticationFilter@356341c9, org.springframework.security.web.access.ExceptionTranslationFilter@1e606f64, org.springframework.security.web.access.intercept.AuthorizationFilter@1488a861]] (1/1)
2025-12-21T20:22:31.308Z TRACE 128 --- [           main] o.s.security.web.FilterChainProxy        : Trying to match request against DefaultSecurityFilterChain [RequestMatcher=any request, Filters=[org.springframework.security.web.session.DisableEncodeUrlFilter@b77b0a0, org.springframework.security.web.context.request.async.WebAsyncManagerIntegrationFilter@15be68b, org.springframework.security.web.context.SecurityContextHolderFilter@c67395, org.springframework.security.web.header.HeaderWriterFilter@1958c0d9, org.springframework.security.web.csrf.CsrfFilter@377e573a, org.springframework.security.web.authentication.logout.LogoutFilter@55c03e4, org.springframework.security.web.authentication.UsernamePasswordAuthenticationFilter@604f376a, org.springframework.security.web.authentication.ui.DefaultLoginPageGeneratingFilter@61993d18, org.springframework.security.web.authentication.ui.DefaultLogoutPageGeneratingFilter@22ff1372, org.springframework.security.web.authentication.www.BasicAuthenticationFilter@10166230, org.springframework.security.web.savedrequest.RequestCacheAwareFilter@20a47036, org.springframework.security.web.servletapi.SecurityContextHolderAwareRequestFilter@26865b57, org.springframework.security.web.authentication.AnonymousAuthenticationFilter@356341c9, org.springframework.security.web.access.ExceptionTranslationFilter@1e606f64, org.springframework.security.web.access.intercept.AuthorizationFilter@1488a861]] (1/1)
2025-12-21T20:22:31.316Z TRACE 128 --- [           main] o.s.security.web.FilterChainProxy        : Trying to match request against DefaultSecurityFilterChain [RequestMatcher=any request, Filters=[org.springframework.security.web.session.DisableEncodeUrlFilter@b77b0a0, org.springframework.security.web.context.request.async.WebAsyncManagerIntegrationFilter@15be68b, org.springframework.security.web.context.SecurityContextHolderFilter@c67395, org.springframework.security.web.header.HeaderWriterFilter@1958c0d9, org.springframework.security.web.csrf.CsrfFilter@377e573a, org.springframework.security.web.authentication.logout.LogoutFilter@55c03e4, org.springframework.security.web.authentication.UsernamePasswordAuthenticationFilter@604f376a, org.springframework.security.web.authentication.ui.DefaultLoginPageGeneratingFilter@61993d18, org.springframework.security.web.authentication.ui.DefaultLogoutPageGeneratingFilter@22ff1372, org.springframework.security.web.authentication.www.BasicAuthenticationFilter@10166230, org.springframework.security.web.savedrequest.RequestCacheAwareFilter@20a47036, org.springframework.security.web.servletapi.SecurityContextHolderAwareRequestFilter@26865b57, org.springframework.security.web.authentication.AnonymousAuthenticationFilter@356341c9, org.springframework.security.web.access.ExceptionTranslationFilter@1e606f64, org.springframework.security.web.access.intercept.AuthorizationFilter@1488a861]] (1/1)
2025-12-21T20:22:31.317Z DEBUG 128 --- [           main] o.s.security.web.FilterChainProxy        : Securing PUT /api/usuarios/1
2025-12-21T20:22:31.318Z TRACE 128 --- [           main] o.s.security.web.FilterChainProxy        : Invoking DisableEncodeUrlFilter (1/15)
2025-12-21T20:22:31.318Z TRACE 128 --- [           main] o.s.security.web.FilterChainProxy        : Invoking WebAsyncManagerIntegrationFilter (2/15)
2025-12-21T20:22:31.319Z TRACE 128 --- [           main] o.s.security.web.FilterChainProxy        : Invoking SecurityContextHolderFilter (3/15)
2025-12-21T20:22:31.320Z TRACE 128 --- [           main] o.s.security.web.FilterChainProxy        : Invoking HeaderWriterFilter (4/15)
2025-12-21T20:22:31.320Z TRACE 128 --- [           main] o.s.security.web.FilterChainProxy        : Invoking CsrfFilter (5/15)
2025-12-21T20:22:31.321Z TRACE 128 --- [           main] o.s.security.web.FilterChainProxy        : Invoking LogoutFilter (6/15)
2025-12-21T20:22:31.321Z TRACE 128 --- [           main] o.s.s.w.a.logout.LogoutFilter            : Did not match request to Ant [pattern='/logout', POST]
2025-12-21T20:22:31.321Z TRACE 128 --- [           main] o.s.security.web.FilterChainProxy        : Invoking UsernamePasswordAuthenticationFilter (7/15)
2025-12-21T20:22:31.321Z TRACE 128 --- [           main] w.a.UsernamePasswordAuthenticationFilter : Did not match request to Ant [pattern='/login', POST]
2025-12-21T20:22:31.321Z TRACE 128 --- [           main] o.s.security.web.FilterChainProxy        : Invoking DefaultLoginPageGeneratingFilter (8/15)
2025-12-21T20:22:31.321Z TRACE 128 --- [           main] o.s.security.web.FilterChainProxy        : Invoking DefaultLogoutPageGeneratingFilter (9/15)
2025-12-21T20:22:31.321Z TRACE 128 --- [           main] .w.a.u.DefaultLogoutPageGeneratingFilter : Did not render default logout page since request did not match [Ant [pattern='/logout', GET]]
2025-12-21T20:22:31.322Z TRACE 128 --- [           main] o.s.security.web.FilterChainProxy        : Invoking BasicAuthenticationFilter (10/15)
2025-12-21T20:22:31.322Z TRACE 128 --- [           main] o.s.s.w.a.www.BasicAuthenticationFilter  : Did not process authentication request since failed to find username and password in Basic Authorization header
2025-12-21T20:22:31.322Z TRACE 128 --- [           main] o.s.security.web.FilterChainProxy        : Invoking RequestCacheAwareFilter (11/15)
2025-12-21T20:22:31.322Z TRACE 128 --- [           main] o.s.s.w.s.HttpSessionRequestCache        : matchingRequestParameterName is required for getMatchingRequest to lookup a value, but not provided
2025-12-21T20:22:31.322Z TRACE 128 --- [           main] o.s.security.web.FilterChainProxy        : Invoking SecurityContextHolderAwareRequestFilter (12/15)
2025-12-21T20:22:31.322Z TRACE 128 --- [           main] o.s.security.web.FilterChainProxy        : Invoking AnonymousAuthenticationFilter (13/15)
2025-12-21T20:22:31.323Z TRACE 128 --- [           main] o.s.security.web.FilterChainProxy        : Invoking ExceptionTranslationFilter (14/15)
2025-12-21T20:22:31.323Z TRACE 128 --- [           main] o.s.security.web.FilterChainProxy        : Invoking AuthorizationFilter (15/15)
2025-12-21T20:22:31.323Z TRACE 128 --- [           main] estMatcherDelegatingAuthorizationManager : Authorizing SecurityContextHolderAwareRequestWrapper[ org.springframework.security.web.header.HeaderWriterFilter$HeaderWriterRequest@900649e]
2025-12-21T20:22:31.323Z TRACE 128 --- [           main] estMatcherDelegatingAuthorizationManager : Checking authorization on SecurityContextHolderAwareRequestWrapper[ org.springframework.security.web.header.HeaderWriterFilter$HeaderWriterRequest@900649e] using org.springframework.security.authorization.AuthenticatedAuthorizationManager@37caecda
2025-12-21T20:22:31.324Z TRACE 128 --- [           main] w.c.HttpSessionSecurityContextRepository : Retrieved SecurityContextImpl [Authentication=UsernamePasswordAuthenticationToken [Principal=org.springframework.security.core.userdetails.User [Username=user, Password=[PROTECTED], Enabled=true, AccountNonExpired=true, credentialsNonExpired=true, AccountNonLocked=true, Granted Authorities=[ROLE_ADMIN]], Credentials=[PROTECTED], Authenticated=true, Details=null, Granted Authorities=[ROLE_ADMIN]]] from SPRING_SECURITY_CONTEXT
2025-12-21T20:22:31.324Z TRACE 128 --- [           main] o.s.s.w.a.AnonymousAuthenticationFilter  : Did not set SecurityContextHolder since already authenticated UsernamePasswordAuthenticationToken [Principal=org.springframework.security.core.userdetails.User [Username=user, Password=[PROTECTED], Enabled=true, AccountNonExpired=true, credentialsNonExpired=true, AccountNonLocked=true, Granted Authorities=[ROLE_ADMIN]], Credentials=[PROTECTED], Authenticated=true, Details=null, Granted Authorities=[ROLE_ADMIN]]
2025-12-21T20:22:31.324Z DEBUG 128 --- [           main] o.s.security.web.FilterChainProxy        : Secured PUT /api/usuarios/1
2025-12-21T20:22:31.335Z DEBUG 128 --- [           main] s.w.s.m.m.a.RequestMappingHandlerMapping : Mapped to com.pos.usuario.controller.UsuarioController#actualizarUsuario(Long, ActualizarUsuarioRequest)
2025-12-21T20:22:31.383Z DEBUG 128 --- [           main] m.m.a.RequestResponseBodyMethodProcessor : Read "application/json;charset=UTF-8" to [com.pos.usuario.dto.ActualizarUsuarioRequest@61836cd9]
2025-12-21T20:22:31.464Z DEBUG 128 --- [           main] o.s.w.s.m.m.a.HttpEntityMethodProcessor  : Using 'application/json', given [*/*] and supported [application/json, application/*+json]
2025-12-21T20:22:31.465Z DEBUG 128 --- [           main] o.s.w.s.m.m.a.HttpEntityMethodProcessor  : Writing [com.pos.usuario.dto.UsuarioResponse@45f241df]
2025-12-21T20:22:31.472Z TRACE 128 --- [           main] o.s.s.w.header.writers.HstsHeaderWriter  : Not injecting HSTS header since it did not match request to [Is Secure]
]]></system-out>
  </testcase>
  <testcase name="desactivarUsuario_debeDesactivarYRetornar200" classname="com.pos.usuario.controller.UsuarioControllerTest" time="0.014">
    <system-out><![CDATA[2025-12-21T20:22:31.519Z TRACE 128 --- [           main] o.s.security.web.FilterChainProxy        : Trying to match request against DefaultSecurityFilterChain [RequestMatcher=any request, Filters=[org.springframework.security.web.session.DisableEncodeUrlFilter@b77b0a0, org.springframework.security.web.context.request.async.WebAsyncManagerIntegrationFilter@15be68b, org.springframework.security.web.context.SecurityContextHolderFilter@c67395, org.springframework.security.web.header.HeaderWriterFilter@1958c0d9, org.springframework.security.web.csrf.CsrfFilter@377e573a, org.springframework.security.web.authentication.logout.LogoutFilter@55c03e4, org.springframework.security.web.authentication.UsernamePasswordAuthenticationFilter@604f376a, org.springframework.security.web.authentication.ui.DefaultLoginPageGeneratingFilter@61993d18, org.springframework.security.web.authentication.ui.DefaultLogoutPageGeneratingFilter@22ff1372, org.springframework.security.web.authentication.www.BasicAuthenticationFilter@10166230, org.springframework.security.web.savedrequest.RequestCacheAwareFilter@20a47036, org.springframework.security.web.servletapi.SecurityContextHolderAwareRequestFilter@26865b57, org.springframework.security.web.authentication.AnonymousAuthenticationFilter@356341c9, org.springframework.security.web.access.ExceptionTranslationFilter@1e606f64, org.springframework.security.web.access.intercept.AuthorizationFilter@1488a861]] (1/1)
2025-12-21T20:22:31.519Z TRACE 128 --- [           main] o.s.security.web.FilterChainProxy        : Trying to match request against DefaultSecurityFilterChain [RequestMatcher=any request, Filters=[org.springframework.security.web.session.DisableEncodeUrlFilter@b77b0a0, org.springframework.security.web.context.request.async.WebAsyncManagerIntegrationFilter@15be68b, org.springframework.security.web.context.SecurityContextHolderFilter@c67395, org.springframework.security.web.header.HeaderWriterFilter@1958c0d9, org.springframework.security.web.csrf.CsrfFilter@377e573a, org.springframework.security.web.authentication.logout.LogoutFilter@55c03e4, org.springframework.security.web.authentication.UsernamePasswordAuthenticationFilter@604f376a, org.springframework.security.web.authentication.ui.DefaultLoginPageGeneratingFilter@61993d18, org.springframework.security.web.authentication.ui.DefaultLogoutPageGeneratingFilter@22ff1372, org.springframework.security.web.authentication.www.BasicAuthenticationFilter@10166230, org.springframework.security.web.savedrequest.RequestCacheAwareFilter@20a47036, org.springframework.security.web.servletapi.SecurityContextHolderAwareRequestFilter@26865b57, org.springframework.security.web.authentication.AnonymousAuthenticationFilter@356341c9, org.springframework.security.web.access.ExceptionTranslationFilter@1e606f64, org.springframework.security.web.access.intercept.AuthorizationFilter@1488a861]] (1/1)
2025-12-21T20:22:31.519Z TRACE 128 --- [           main] w.c.HttpSessionSecurityContextRepository : No HttpSession currently exists
2025-12-21T20:22:31.519Z TRACE 128 --- [           main] w.c.HttpSessionSecurityContextRepository : Created SecurityContextImpl [Null authentication]
2025-12-21T20:22:31.520Z TRACE 128 --- [           main] .s.s.w.c.SupplierDeferredSecurityContext : Created SecurityContextImpl [Null authentication]
2025-12-21T20:22:31.520Z DEBUG 128 --- [           main] w.c.HttpSessionSecurityContextRepository : Created HttpSession as SecurityContext is non-default
2025-12-21T20:22:31.520Z DEBUG 128 --- [           main] w.c.HttpSessionSecurityContextRepository : Stored SecurityContextImpl [Authentication=UsernamePasswordAuthenticationToken [Principal=org.springframework.security.core.userdetails.User [Username=user, Password=[PROTECTED], Enabled=true, AccountNonExpired=true, credentialsNonExpired=true, AccountNonLocked=true, Granted Authorities=[ROLE_ADMIN]], Credentials=[PROTECTED], Authenticated=true, Details=null, Granted Authorities=[ROLE_ADMIN]]] to HttpSession [org.springframework.mock.web.MockHttpSession@2d7aa291]
2025-12-21T20:22:31.520Z TRACE 128 --- [           main] o.s.security.web.FilterChainProxy        : Trying to match request against DefaultSecurityFilterChain [RequestMatcher=any request, Filters=[org.springframework.security.web.session.DisableEncodeUrlFilter@b77b0a0, org.springframework.security.web.context.request.async.WebAsyncManagerIntegrationFilter@15be68b, org.springframework.security.web.context.SecurityContextHolderFilter@c67395, org.springframework.security.web.header.HeaderWriterFilter@1958c0d9, org.springframework.security.web.csrf.CsrfFilter@377e573a, org.springframework.security.web.authentication.logout.LogoutFilter@55c03e4, org.springframework.security.web.authentication.UsernamePasswordAuthenticationFilter@604f376a, org.springframework.security.web.authentication.ui.DefaultLoginPageGeneratingFilter@61993d18, org.springframework.security.web.authentication.ui.DefaultLogoutPageGeneratingFilter@22ff1372, org.springframework.security.web.authentication.www.BasicAuthenticationFilter@10166230, org.springframework.security.web.savedrequest.RequestCacheAwareFilter@20a47036, org.springframework.security.web.servletapi.SecurityContextHolderAwareRequestFilter@26865b57, org.springframework.security.web.authentication.AnonymousAuthenticationFilter@356341c9, org.springframework.security.web.access.ExceptionTranslationFilter@1e606f64, org.springframework.security.web.access.intercept.AuthorizationFilter@1488a861]] (1/1)
2025-12-21T20:22:31.520Z TRACE 128 --- [           main] o.s.security.web.FilterChainProxy        : Trying to match request against DefaultSecurityFilterChain [RequestMatcher=any request, Filters=[org.springframework.security.web.session.DisableEncodeUrlFilter@b77b0a0, org.springframework.security.web.context.request.async.WebAsyncManagerIntegrationFilter@15be68b, org.springframework.security.web.context.SecurityContextHolderFilter@c67395, org.springframework.security.web.header.HeaderWriterFilter@1958c0d9, org.springframework.security.web.csrf.CsrfFilter@377e573a, org.springframework.security.web.authentication.logout.LogoutFilter@55c03e4, org.springframework.security.web.authentication.UsernamePasswordAuthenticationFilter@604f376a, org.springframework.security.web.authentication.ui.DefaultLoginPageGeneratingFilter@61993d18, org.springframework.security.web.authentication.ui.DefaultLogoutPageGeneratingFilter@22ff1372, org.springframework.security.web.authentication.www.BasicAuthenticationFilter@10166230, org.springframework.security.web.savedrequest.RequestCacheAwareFilter@20a47036, org.springframework.security.web.servletapi.SecurityContextHolderAwareRequestFilter@26865b57, org.springframework.security.web.authentication.AnonymousAuthenticationFilter@356341c9, org.springframework.security.web.access.ExceptionTranslationFilter@1e606f64, org.springframework.security.web.access.intercept.AuthorizationFilter@1488a861]] (1/1)
2025-12-21T20:22:31.521Z TRACE 128 --- [           main] o.s.security.web.FilterChainProxy        : Trying to match request against DefaultSecurityFilterChain [RequestMatcher=any request, Filters=[org.springframework.security.web.session.DisableEncodeUrlFilter@b77b0a0, org.springframework.security.web.context.request.async.WebAsyncManagerIntegrationFilter@15be68b, org.springframework.security.web.context.SecurityContextHolderFilter@c67395, org.springframework.security.web.header.HeaderWriterFilter@1958c0d9, org.springframework.security.web.csrf.CsrfFilter@377e573a, org.springframework.security.web.authentication.logout.LogoutFilter@55c03e4, org.springframework.security.web.authentication.UsernamePasswordAuthenticationFilter@604f376a, org.springframework.security.web.authentication.ui.DefaultLoginPageGeneratingFilter@61993d18, org.springframework.security.web.authentication.ui.DefaultLogoutPageGeneratingFilter@22ff1372, org.springframework.security.web.authentication.www.BasicAuthenticationFilter@10166230, org.springframework.security.web.savedrequest.RequestCacheAwareFilter@20a47036, org.springframework.security.web.servletapi.SecurityContextHolderAwareRequestFilter@26865b57, org.springframework.security.web.authentication.AnonymousAuthenticationFilter@356341c9, org.springframework.security.web.access.ExceptionTranslationFilter@1e606f64, org.springframework.security.web.access.intercept.AuthorizationFilter@1488a861]] (1/1)
2025-12-21T20:22:31.521Z DEBUG 128 --- [           main] o.s.security.web.FilterChainProxy        : Securing PATCH /api/usuarios/1/desactivar
2025-12-21T20:22:31.521Z TRACE 128 --- [           main] o.s.security.web.FilterChainProxy        : Invoking DisableEncodeUrlFilter (1/15)
2025-12-21T20:22:31.521Z TRACE 128 --- [           main] o.s.security.web.FilterChainProxy        : Invoking WebAsyncManagerIntegrationFilter (2/15)
2025-12-21T20:22:31.521Z TRACE 128 --- [           main] o.s.security.web.FilterChainProxy        : Invoking SecurityContextHolderFilter (3/15)
2025-12-21T20:22:31.521Z TRACE 128 --- [           main] o.s.security.web.FilterChainProxy        : Invoking HeaderWriterFilter (4/15)
2025-12-21T20:22:31.521Z TRACE 128 --- [           main] o.s.security.web.FilterChainProxy        : Invoking CsrfFilter (5/15)
2025-12-21T20:22:31.521Z TRACE 128 --- [           main] o.s.security.web.FilterChainProxy        : Invoking LogoutFilter (6/15)
2025-12-21T20:22:31.521Z TRACE 128 --- [           main] o.s.s.w.a.logout.LogoutFilter            : Did not match request to Ant [pattern='/logout', POST]
2025-12-21T20:22:31.521Z TRACE 128 --- [           main] o.s.security.web.FilterChainProxy        : Invoking UsernamePasswordAuthenticationFilter (7/15)
2025-12-21T20:22:31.521Z TRACE 128 --- [           main] w.a.UsernamePasswordAuthenticationFilter : Did not match request to Ant [pattern='/login', POST]
2025-12-21T20:22:31.521Z TRACE 128 --- [           main] o.s.security.web.FilterChainProxy        : Invoking DefaultLoginPageGeneratingFilter (8/15)
2025-12-21T20:22:31.521Z TRACE 128 --- [           main] o.s.security.web.FilterChainProxy        : Invoking DefaultLogoutPageGeneratingFilter (9/15)
2025-12-21T20:22:31.521Z TRACE 128 --- [           main] .w.a.u.DefaultLogoutPageGeneratingFilter : Did not render default logout page since request did not match [Ant [pattern='/logout', GET]]
2025-12-21T20:22:31.522Z TRACE 128 --- [           main] o.s.security.web.FilterChainProxy        : Invoking BasicAuthenticationFilter (10/15)
2025-12-21T20:22:31.522Z TRACE 128 --- [           main] o.s.s.w.a.www.BasicAuthenticationFilter  : Did not process authentication request since failed to find username and password in Basic Authorization header
2025-12-21T20:22:31.522Z TRACE 128 --- [           main] o.s.security.web.FilterChainProxy        : Invoking RequestCacheAwareFilter (11/15)
2025-12-21T20:22:31.522Z TRACE 128 --- [           main] o.s.s.w.s.HttpSessionRequestCache        : matchingRequestParameterName is required for getMatchingRequest to lookup a value, but not provided
2025-12-21T20:22:31.522Z TRACE 128 --- [           main] o.s.security.web.FilterChainProxy        : Invoking SecurityContextHolderAwareRequestFilter (12/15)
2025-12-21T20:22:31.522Z TRACE 128 --- [           main] o.s.security.web.FilterChainProxy        : Invoking AnonymousAuthenticationFilter (13/15)
2025-12-21T20:22:31.522Z TRACE 128 --- [           main] o.s.security.web.FilterChainProxy        : Invoking ExceptionTranslationFilter (14/15)
2025-12-21T20:22:31.522Z TRACE 128 --- [           main] o.s.security.web.FilterChainProxy        : Invoking AuthorizationFilter (15/15)
2025-12-21T20:22:31.522Z TRACE 128 --- [           main] estMatcherDelegatingAuthorizationManager : Authorizing SecurityContextHolderAwareRequestWrapper[ org.springframework.security.web.header.HeaderWriterFilter$HeaderWriterRequest@1ba7db2a]
2025-12-21T20:22:31.522Z TRACE 128 --- [           main] estMatcherDelegatingAuthorizationManager : Checking authorization on SecurityContextHolderAwareRequestWrapper[ org.springframework.security.web.header.HeaderWriterFilter$HeaderWriterRequest@1ba7db2a] using org.springframework.security.authorization.AuthenticatedAuthorizationManager@37caecda
2025-12-21T20:22:31.522Z TRACE 128 --- [           main] w.c.HttpSessionSecurityContextRepository : Retrieved SecurityContextImpl [Authentication=UsernamePasswordAuthenticationToken [Principal=org.springframework.security.core.userdetails.User [Username=user, Password=[PROTECTED], Enabled=true, AccountNonExpired=true, credentialsNonExpired=true, AccountNonLocked=true, Granted Authorities=[ROLE_ADMIN]], Credentials=[PROTECTED], Authenticated=true, Details=null, Granted Authorities=[ROLE_ADMIN]]] from SPRING_SECURITY_CONTEXT
2025-12-21T20:22:31.522Z TRACE 128 --- [           main] o.s.s.w.a.AnonymousAuthenticationFilter  : Did not set SecurityContextHolder since already authenticated UsernamePasswordAuthenticationToken [Principal=org.springframework.security.core.userdetails.User [Username=user, Password=[PROTECTED], Enabled=true, AccountNonExpired=true, credentialsNonExpired=true, AccountNonLocked=true, Granted Authorities=[ROLE_ADMIN]], Credentials=[PROTECTED], Authenticated=true, Details=null, Granted Authorities=[ROLE_ADMIN]]
2025-12-21T20:22:31.522Z DEBUG 128 --- [           main] o.s.security.web.FilterChainProxy        : Secured PATCH /api/usuarios/1/desactivar
2025-12-21T20:22:31.523Z DEBUG 128 --- [           main] s.w.s.m.m.a.RequestMappingHandlerMapping : Mapped to com.pos.usuario.controller.UsuarioController#desactivarUsuario(Long)
2025-12-21T20:22:31.524Z DEBUG 128 --- [           main] o.s.w.s.m.m.a.HttpEntityMethodProcessor  : Using 'application/json', given [*/*] and supported [application/json, application/*+json]
2025-12-21T20:22:31.524Z DEBUG 128 --- [           main] o.s.w.s.m.m.a.HttpEntityMethodProcessor  : Writing [com.pos.usuario.dto.UsuarioResponse@762cdf46]
2025-12-21T20:22:31.525Z TRACE 128 --- [           main] o.s.s.w.header.writers.HstsHeaderWriter  : Not injecting HSTS header since it did not match request to [Is Secure]
]]></system-out>
  </testcase>
  <testcase name="listarUsuarios_sinAuth_debeRetornar401" classname="com.pos.usuario.controller.UsuarioControllerTest" time="0.021">
    <system-out><![CDATA[2025-12-21T20:22:31.535Z TRACE 128 --- [           main] o.s.security.web.FilterChainProxy        : Trying to match request against DefaultSecurityFilterChain [RequestMatcher=any request, Filters=[org.springframework.security.web.session.DisableEncodeUrlFilter@b77b0a0, org.springframework.security.web.context.request.async.WebAsyncManagerIntegrationFilter@15be68b, org.springframework.security.web.context.SecurityContextHolderFilter@c67395, org.springframework.security.web.header.HeaderWriterFilter@1958c0d9, org.springframework.security.web.csrf.CsrfFilter@377e573a, org.springframework.security.web.authentication.logout.LogoutFilter@55c03e4, org.springframework.security.web.authentication.UsernamePasswordAuthenticationFilter@604f376a, org.springframework.security.web.authentication.ui.DefaultLoginPageGeneratingFilter@61993d18, org.springframework.security.web.authentication.ui.DefaultLogoutPageGeneratingFilter@22ff1372, org.springframework.security.web.authentication.www.BasicAuthenticationFilter@10166230, org.springframework.security.web.savedrequest.RequestCacheAwareFilter@20a47036, org.springframework.security.web.servletapi.SecurityContextHolderAwareRequestFilter@26865b57, org.springframework.security.web.authentication.AnonymousAuthenticationFilter@356341c9, org.springframework.security.web.access.ExceptionTranslationFilter@1e606f64, org.springframework.security.web.access.intercept.AuthorizationFilter@1488a861]] (1/1)
2025-12-21T20:22:31.535Z DEBUG 128 --- [           main] o.s.security.web.FilterChainProxy        : Securing GET /api/usuarios
2025-12-21T20:22:31.535Z TRACE 128 --- [           main] o.s.security.web.FilterChainProxy        : Invoking DisableEncodeUrlFilter (1/15)
2025-12-21T20:22:31.535Z TRACE 128 --- [           main] o.s.security.web.FilterChainProxy        : Invoking WebAsyncManagerIntegrationFilter (2/15)
2025-12-21T20:22:31.535Z TRACE 128 --- [           main] o.s.security.web.FilterChainProxy        : Invoking SecurityContextHolderFilter (3/15)
2025-12-21T20:22:31.535Z TRACE 128 --- [           main] o.s.security.web.FilterChainProxy        : Invoking HeaderWriterFilter (4/15)
2025-12-21T20:22:31.535Z TRACE 128 --- [           main] o.s.security.web.FilterChainProxy        : Invoking CsrfFilter (5/15)
2025-12-21T20:22:31.536Z TRACE 128 --- [           main] o.s.security.web.csrf.CsrfFilter         : Did not protect against CSRF since request did not match CsrfNotRequired [TRACE, HEAD, GET, OPTIONS]
2025-12-21T20:22:31.536Z TRACE 128 --- [           main] o.s.security.web.FilterChainProxy        : Invoking LogoutFilter (6/15)
2025-12-21T20:22:31.536Z TRACE 128 --- [           main] o.s.s.w.a.logout.LogoutFilter            : Did not match request to Ant [pattern='/logout', POST]
2025-12-21T20:22:31.536Z TRACE 128 --- [           main] o.s.security.web.FilterChainProxy        : Invoking UsernamePasswordAuthenticationFilter (7/15)
2025-12-21T20:22:31.536Z TRACE 128 --- [           main] w.a.UsernamePasswordAuthenticationFilter : Did not match request to Ant [pattern='/login', POST]
2025-12-21T20:22:31.536Z TRACE 128 --- [           main] o.s.security.web.FilterChainProxy        : Invoking DefaultLoginPageGeneratingFilter (8/15)
2025-12-21T20:22:31.536Z TRACE 128 --- [           main] o.s.security.web.FilterChainProxy        : Invoking DefaultLogoutPageGeneratingFilter (9/15)
2025-12-21T20:22:31.536Z TRACE 128 --- [           main] .w.a.u.DefaultLogoutPageGeneratingFilter : Did not render default logout page since request did not match [Ant [pattern='/logout', GET]]
2025-12-21T20:22:31.536Z TRACE 128 --- [           main] o.s.security.web.FilterChainProxy        : Invoking BasicAuthenticationFilter (10/15)
2025-12-21T20:22:31.536Z TRACE 128 --- [           main] o.s.s.w.a.www.BasicAuthenticationFilter  : Did not process authentication request since failed to find username and password in Basic Authorization header
2025-12-21T20:22:31.536Z TRACE 128 --- [           main] o.s.security.web.FilterChainProxy        : Invoking RequestCacheAwareFilter (11/15)
2025-12-21T20:22:31.536Z TRACE 128 --- [           main] o.s.s.w.s.HttpSessionRequestCache        : matchingRequestParameterName is required for getMatchingRequest to lookup a value, but not provided
2025-12-21T20:22:31.536Z TRACE 128 --- [           main] o.s.security.web.FilterChainProxy        : Invoking SecurityContextHolderAwareRequestFilter (12/15)
2025-12-21T20:22:31.536Z TRACE 128 --- [           main] o.s.security.web.FilterChainProxy        : Invoking AnonymousAuthenticationFilter (13/15)
2025-12-21T20:22:31.536Z TRACE 128 --- [           main] o.s.security.web.FilterChainProxy        : Invoking ExceptionTranslationFilter (14/15)
2025-12-21T20:22:31.536Z TRACE 128 --- [           main] o.s.security.web.FilterChainProxy        : Invoking AuthorizationFilter (15/15)
2025-12-21T20:22:31.536Z TRACE 128 --- [           main] estMatcherDelegatingAuthorizationManager : Authorizing SecurityContextHolderAwareRequestWrapper[ org.springframework.security.web.header.HeaderWriterFilter$HeaderWriterRequest@d3d5094]
2025-12-21T20:22:31.537Z TRACE 128 --- [           main] estMatcherDelegatingAuthorizationManager : Checking authorization on SecurityContextHolderAwareRequestWrapper[ org.springframework.security.web.header.HeaderWriterFilter$HeaderWriterRequest@d3d5094] using org.springframework.security.authorization.AuthenticatedAuthorizationManager@37caecda
2025-12-21T20:22:31.537Z TRACE 128 --- [           main] w.c.HttpSessionSecurityContextRepository : No HttpSession currently exists
2025-12-21T20:22:31.537Z TRACE 128 --- [           main] w.c.HttpSessionSecurityContextRepository : Created SecurityContextImpl [Null authentication]
2025-12-21T20:22:31.537Z TRACE 128 --- [           main] .s.s.w.c.SupplierDeferredSecurityContext : Created SecurityContextImpl [Null authentication]
2025-12-21T20:22:31.537Z TRACE 128 --- [           main] o.s.s.w.a.AnonymousAuthenticationFilter  : Set SecurityContextHolder to AnonymousAuthenticationToken [Principal=anonymousUser, Credentials=[PROTECTED], Authenticated=true, Details=WebAuthenticationDetails [RemoteIpAddress=127.0.0.1, SessionId=null], Granted Authorities=[ROLE_ANONYMOUS]]
2025-12-21T20:22:31.538Z TRACE 128 --- [           main] o.s.s.w.a.ExceptionTranslationFilter     : Sending AnonymousAuthenticationToken [Principal=anonymousUser, Credentials=[PROTECTED], Authenticated=true, Details=WebAuthenticationDetails [RemoteIpAddress=127.0.0.1, SessionId=null], Granted Authorities=[ROLE_ANONYMOUS]] to authentication entry point since access is denied

org.springframework.security.access.AccessDeniedException: Access Denied
	at org.springframework.security.web.access.intercept.AuthorizationFilter.doFilter(AuthorizationFilter.java:98) ~[spring-security-web-6.1.5.jar:6.1.5]
	at org.springframework.security.web.FilterChainProxy$VirtualFilterChain.doFilter(FilterChainProxy.java:374) ~[spring-security-web-6.1.5.jar:6.1.5]
	at org.springframework.security.web.access.ExceptionTranslationFilter.doFilter(ExceptionTranslationFilter.java:126) ~[spring-security-web-6.1.5.jar:6.1.5]
	at org.springframework.security.web.access.ExceptionTranslationFilter.doFilter(ExceptionTranslationFilter.java:120) ~[spring-security-web-6.1.5.jar:6.1.5]
	at org.springframework.security.web.FilterChainProxy$VirtualFilterChain.doFilter(FilterChainProxy.java:374) ~[spring-security-web-6.1.5.jar:6.1.5]
	at org.springframework.security.web.authentication.AnonymousAuthenticationFilter.doFilter(AnonymousAuthenticationFilter.java:100) ~[spring-security-web-6.1.5.jar:6.1.5]
	at org.springframework.security.web.FilterChainProxy$VirtualFilterChain.doFilter(FilterChainProxy.java:374) ~[spring-security-web-6.1.5.jar:6.1.5]
	at org.springframework.security.web.servletapi.SecurityContextHolderAwareRequestFilter.doFilter(SecurityContextHolderAwareRequestFilter.java:179) ~[spring-security-web-6.1.5.jar:6.1.5]
	at org.springframework.security.web.FilterChainProxy$VirtualFilterChain.doFilter(FilterChainProxy.java:374) ~[spring-security-web-6.1.5.jar:6.1.5]
	at org.springframework.security.web.savedrequest.RequestCacheAwareFilter.doFilter(RequestCacheAwareFilter.java:63) ~[spring-security-web-6.1.5.jar:6.1.5]
	at org.springframework.security.web.FilterChainProxy$VirtualFilterChain.doFilter(FilterChainProxy.java:374) ~[spring-security-web-6.1.5.jar:6.1.5]
	at org.springframework.security.web.authentication.www.BasicAuthenticationFilter.doFilterInternal(BasicAuthenticationFilter.java:168) ~[spring-security-web-6.1.5.jar:6.1.5]
	at org.springframework.web.filter.OncePerRequestFilter.doFilter(OncePerRequestFilter.java:116) ~[spring-web-6.0.13.jar:6.0.13]
	at org.springframework.security.web.FilterChainProxy$VirtualFilterChain.doFilter(FilterChainProxy.java:374) ~[spring-security-web-6.1.5.jar:6.1.5]
	at org.springframework.security.web.authentication.ui.DefaultLogoutPageGeneratingFilter.doFilterInternal(DefaultLogoutPageGeneratingFilter.java:58) ~[spring-security-web-6.1.5.jar:6.1.5]
	at org.springframework.web.filter.OncePerRequestFilter.doFilter(OncePerRequestFilter.java:116) ~[spring-web-6.0.13.jar:6.0.13]
	at org.springframework.security.web.FilterChainProxy$VirtualFilterChain.doFilter(FilterChainProxy.java:374) ~[spring-security-web-6.1.5.jar:6.1.5]
	at org.springframework.security.web.authentication.ui.DefaultLoginPageGeneratingFilter.doFilter(DefaultLoginPageGeneratingFilter.java:188) ~[spring-security-web-6.1.5.jar:6.1.5]
	at org.springframework.security.web.authentication.ui.DefaultLoginPageGeneratingFilter.doFilter(DefaultLoginPageGeneratingFilter.java:174) ~[spring-security-web-6.1.5.jar:6.1.5]
	at org.springframework.security.web.FilterChainProxy$VirtualFilterChain.doFilter(FilterChainProxy.java:374) ~[spring-security-web-6.1.5.jar:6.1.5]
	at org.springframework.security.web.authentication.AbstractAuthenticationProcessingFilter.doFilter(AbstractAuthenticationProcessingFilter.java:227) ~[spring-security-web-6.1.5.jar:6.1.5]
	at org.springframework.security.web.authentication.AbstractAuthenticationProcessingFilter.doFilter(AbstractAuthenticationProcessingFilter.java:221) ~[spring-security-web-6.1.5.jar:6.1.5]
	at org.springframework.security.web.FilterChainProxy$VirtualFilterChain.doFilter(FilterChainProxy.java:374) ~[spring-security-web-6.1.5.jar:6.1.5]
	at org.springframework.security.web.authentication.logout.LogoutFilter.doFilter(LogoutFilter.java:107) ~[spring-security-web-6.1.5.jar:6.1.5]
	at org.springframework.security.web.authentication.logout.LogoutFilter.doFilter(LogoutFilter.java:93) ~[spring-security-web-6.1.5.jar:6.1.5]
	at org.springframework.security.web.FilterChainProxy$VirtualFilterChain.doFilter(FilterChainProxy.java:374) ~[spring-security-web-6.1.5.jar:6.1.5]
	at org.springframework.security.web.csrf.CsrfFilter.doFilterInternal(CsrfFilter.java:117) ~[spring-security-web-6.1.5.jar:6.1.5]
	at org.springframework.web.filter.OncePerRequestFilter.doFilter(OncePerRequestFilter.java:116) ~[spring-web-6.0.13.jar:6.0.13]
	at org.springframework.security.web.FilterChainProxy$VirtualFilterChain.doFilter(FilterChainProxy.java:374) ~[spring-security-web-6.1.5.jar:6.1.5]
	at org.springframework.security.web.header.HeaderWriterFilter.doHeadersAfter(HeaderWriterFilter.java:90) ~[spring-security-web-6.1.5.jar:6.1.5]
	at org.springframework.security.web.header.HeaderWriterFilter.doFilterInternal(HeaderWriterFilter.java:75) ~[spring-security-web-6.1.5.jar:6.1.5]
	at org.springframework.web.filter.OncePerRequestFilter.doFilter(OncePerRequestFilter.java:116) ~[spring-web-6.0.13.jar:6.0.13]
	at org.springframework.security.web.FilterChainProxy$VirtualFilterChain.doFilter(FilterChainProxy.java:374) ~[spring-security-web-6.1.5.jar:6.1.5]
	at org.springframework.security.web.context.SecurityContextHolderFilter.doFilter(SecurityContextHolderFilter.java:82) ~[spring-security-web-6.1.5.jar:6.1.5]
	at org.springframework.security.web.context.SecurityContextHolderFilter.doFilter(SecurityContextHolderFilter.java:69) ~[spring-security-web-6.1.5.jar:6.1.5]
	at org.springframework.security.web.FilterChainProxy$VirtualFilterChain.doFilter(FilterChainProxy.java:374) ~[spring-security-web-6.1.5.jar:6.1.5]
	at org.springframework.security.web.context.request.async.WebAsyncManagerIntegrationFilter.doFilterInternal(WebAsyncManagerIntegrationFilter.java:62) ~[spring-security-web-6.1.5.jar:6.1.5]
	at org.springframework.web.filter.OncePerRequestFilter.doFilter(OncePerRequestFilter.java:116) ~[spring-web-6.0.13.jar:6.0.13]
	at org.springframework.security.web.FilterChainProxy$VirtualFilterChain.doFilter(FilterChainProxy.java:374) ~[spring-security-web-6.1.5.jar:6.1.5]
	at org.springframework.security.web.session.DisableEncodeUrlFilter.doFilterInternal(DisableEncodeUrlFilter.java:42) ~[spring-security-web-6.1.5.jar:6.1.5]
	at org.springframework.web.filter.OncePerRequestFilter.doFilter(OncePerRequestFilter.java:116) ~[spring-web-6.0.13.jar:6.0.13]
	at org.springframework.security.web.FilterChainProxy$VirtualFilterChain.doFilter(FilterChainProxy.java:374) ~[spring-security-web-6.1.5.jar:6.1.5]
	at org.springframework.security.web.FilterChainProxy.doFilterInternal(FilterChainProxy.java:233) ~[spring-security-web-6.1.5.jar:6.1.5]
	at org.springframework.security.web.FilterChainProxy.doFilter(FilterChainProxy.java:191) ~[spring-security-web-6.1.5.jar:6.1.5]
	at org.springframework.web.filter.DelegatingFilterProxy.invokeDelegate(DelegatingFilterProxy.java:352) ~[spring-web-6.0.13.jar:6.0.13]
	at org.springframework.web.filter.DelegatingFilterProxy.doFilter(DelegatingFilterProxy.java:268) ~[spring-web-6.0.13.jar:6.0.13]
	at org.springframework.mock.web.MockFilterChain.doFilter(MockFilterChain.java:132) ~[spring-test-6.0.13.jar:6.0.13]
	at org.springframework.web.filter.RequestContextFilter.doFilterInternal(RequestContextFilter.java:100) ~[spring-web-6.0.13.jar:6.0.13]
	at org.springframework.web.filter.OncePerRequestFilter.doFilter(OncePerRequestFilter.java:116) ~[spring-web-6.0.13.jar:6.0.13]
	at org.springframework.mock.web.MockFilterChain.doFilter(MockFilterChain.java:132) ~[spring-test-6.0.13.jar:6.0.13]
	at org.springframework.web.filter.FormContentFilter.doFilterInternal(FormContentFilter.java:93) ~[spring-web-6.0.13.jar:6.0.13]
	at org.springframework.web.filter.OncePerRequestFilter.doFilter(OncePerRequestFilter.java:116) ~[spring-web-6.0.13.jar:6.0.13]
	at org.springframework.mock.web.MockFilterChain.doFilter(MockFilterChain.java:132) ~[spring-test-6.0.13.jar:6.0.13]
	at org.springframework.web.filter.CharacterEncodingFilter.doFilterInternal(CharacterEncodingFilter.java:201) ~[spring-web-6.0.13.jar:6.0.13]
	at org.springframework.web.filter.OncePerRequestFilter.doFilter(OncePerRequestFilter.java:116) ~[spring-web-6.0.13.jar:6.0.13]
	at org.springframework.mock.web.MockFilterChain.doFilter(MockFilterChain.java:132) ~[spring-test-6.0.13.jar:6.0.13]
	at org.springframework.test.web.servlet.MockMvc.perform(MockMvc.java:201) ~[spring-test-6.0.13.jar:6.0.13]
	at com.pos.usuario.controller.UsuarioControllerTest.listarUsuarios_sinAuth_debeRetornar401(UsuarioControllerTest.java:98) ~[test-classes/:na]
	at java.base/jdk.internal.reflect.NativeMethodAccessorImpl.invoke0(Native Method) ~[na:na]
	at java.base/jdk.internal.reflect.NativeMethodAccessorImpl.invoke(NativeMethodAccessorImpl.java:77) ~[na:na]
	at java.base/jdk.internal.reflect.DelegatingMethodAccessorImpl.invoke(DelegatingMethodAccessorImpl.java:43) ~[na:na]
	at java.base/java.lang.reflect.Method.invoke(Method.java:569) ~[na:na]
	at org.junit.platform.commons.util.ReflectionUtils.invokeMethod(ReflectionUtils.java:727) ~[junit-platform-commons-1.9.3.jar:1.9.3]
	at org.junit.jupiter.engine.execution.MethodInvocation.proceed(MethodInvocation.java:60) ~[junit-jupiter-engine-5.9.3.jar:5.9.3]
	at org.junit.jupiter.engine.execution.InvocationInterceptorChain$ValidatingInvocation.proceed(InvocationInterceptorChain.java:131) ~[junit-jupiter-engine-5.9.3.jar:5.9.3]
	at org.junit.jupiter.engine.extension.TimeoutExtension.intercept(TimeoutExtension.java:156) ~[junit-jupiter-engine-5.9.3.jar:5.9.3]
	at org.junit.jupiter.engine.extension.TimeoutExtension.interceptTestableMethod(TimeoutExtension.java:147) ~[junit-jupiter-engine-5.9.3.jar:5.9.3]
	at org.junit.jupiter.engine.extension.TimeoutExtension.interceptTestMethod(TimeoutExtension.java:86) ~[junit-jupiter-engine-5.9.3.jar:5.9.3]
	at org.junit.jupiter.engine.execution.InterceptingExecutableInvoker$ReflectiveInterceptorCall.lambda$ofVoidMethod$0(InterceptingExecutableInvoker.java:103) ~[junit-jupiter-engine-5.9.3.jar:5.9.3]
	at org.junit.jupiter.engine.execution.InterceptingExecutableInvoker.lambda$invoke$0(InterceptingExecutableInvoker.java:93) ~[junit-jupiter-engine-5.9.3.jar:5.9.3]
	at org.junit.jupiter.engine.execution.InvocationInterceptorChain$InterceptedInvocation.proceed(InvocationInterceptorChain.java:106) ~[junit-jupiter-engine-5.9.3.jar:5.9.3]
	at org.junit.jupiter.engine.execution.InvocationInterceptorChain.proceed(InvocationInterceptorChain.java:64) ~[junit-jupiter-engine-5.9.3.jar:5.9.3]
	at org.junit.jupiter.engine.execution.InvocationInterceptorChain.chainAndInvoke(InvocationInterceptorChain.java:45) ~[junit-jupiter-engine-5.9.3.jar:5.9.3]
	at org.junit.jupiter.engine.execution.InvocationInterceptorChain.invoke(InvocationInterceptorChain.java:37) ~[junit-jupiter-engine-5.9.3.jar:5.9.3]
	at org.junit.jupiter.engine.execution.InterceptingExecutableInvoker.invoke(InterceptingExecutableInvoker.java:92) ~[junit-jupiter-engine-5.9.3.jar:5.9.3]
	at org.junit.jupiter.engine.execution.InterceptingExecutableInvoker.invoke(InterceptingExecutableInvoker.java:86) ~[junit-jupiter-engine-5.9.3.jar:5.9.3]
	at org.junit.jupiter.engine.descriptor.TestMethodTestDescriptor.lambda$invokeTestMethod$7(TestMethodTestDescriptor.java:217) ~[junit-jupiter-engine-5.9.3.jar:5.9.3]
	at org.junit.platform.engine.support.hierarchical.ThrowableCollector.execute(ThrowableCollector.java:73) ~[junit-platform-engine-1.9.3.jar:1.9.3]
	at org.junit.jupiter.engine.descriptor.TestMethodTestDescriptor.invokeTestMethod(TestMethodTestDescriptor.java:213) ~[junit-jupiter-engine-5.9.3.jar:5.9.3]
	at org.junit.jupiter.engine.descriptor.TestMethodTestDescriptor.execute(TestMethodTestDescriptor.java:138) ~[junit-jupiter-engine-5.9.3.jar:5.9.3]
	at org.junit.jupiter.engine.descriptor.TestMethodTestDescriptor.execute(TestMethodTestDescriptor.java:68) ~[junit-jupiter-engine-5.9.3.jar:5.9.3]
	at org.junit.platform.engine.support.hierarchical.NodeTestTask.lambda$executeRecursively$6(NodeTestTask.java:151) ~[junit-platform-engine-1.9.3.jar:1.9.3]
	at org.junit.platform.engine.support.hierarchical.ThrowableCollector.execute(ThrowableCollector.java:73) ~[junit-platform-engine-1.9.3.jar:1.9.3]
	at org.junit.platform.engine.support.hierarchical.NodeTestTask.lambda$executeRecursively$8(NodeTestTask.java:141) ~[junit-platform-engine-1.9.3.jar:1.9.3]
	at org.junit.platform.engine.support.hierarchical.Node.around(Node.java:137) ~[junit-platform-engine-1.9.3.jar:1.9.3]
	at org.junit.platform.engine.support.hierarchical.NodeTestTask.lambda$executeRecursively$9(NodeTestTask.java:139) ~[junit-platform-engine-1.9.3.jar:1.9.3]
	at org.junit.platform.engine.support.hierarchical.ThrowableCollector.execute(ThrowableCollector.java:73) ~[junit-platform-engine-1.9.3.jar:1.9.3]
	at org.junit.platform.engine.support.hierarchical.NodeTestTask.executeRecursively(NodeTestTask.java:138) ~[junit-platform-engine-1.9.3.jar:1.9.3]
	at org.junit.platform.engine.support.hierarchical.NodeTestTask.execute(NodeTestTask.java:95) ~[junit-platform-engine-1.9.3.jar:1.9.3]
	at java.base/java.util.ArrayList.forEach(ArrayList.java:1511) ~[na:na]
	at org.junit.platform.engine.support.hierarchical.SameThreadHierarchicalTestExecutorService.invokeAll(SameThreadHierarchicalTestExecutorService.java:41) ~[junit-platform-engine-1.9.3.jar:1.9.3]
	at org.junit.platform.engine.support.hierarchical.NodeTestTask.lambda$executeRecursively$6(NodeTestTask.java:155) ~[junit-platform-engine-1.9.3.jar:1.9.3]
	at org.junit.platform.engine.support.hierarchical.ThrowableCollector.execute(ThrowableCollector.java:73) ~[junit-platform-engine-1.9.3.jar:1.9.3]
	at org.junit.platform.engine.support.hierarchical.NodeTestTask.lambda$executeRecursively$8(NodeTestTask.java:141) ~[junit-platform-engine-1.9.3.jar:1.9.3]
	at org.junit.platform.engine.support.hierarchical.Node.around(Node.java:137) ~[junit-platform-engine-1.9.3.jar:1.9.3]
	at org.junit.platform.engine.support.hierarchical.NodeTestTask.lambda$executeRecursively$9(NodeTestTask.java:139) ~[junit-platform-engine-1.9.3.jar:1.9.3]
	at org.junit.platform.engine.support.hierarchical.ThrowableCollector.execute(ThrowableCollector.java:73) ~[junit-platform-engine-1.9.3.jar:1.9.3]
	at org.junit.platform.engine.support.hierarchical.NodeTestTask.executeRecursively(NodeTestTask.java:138) ~[junit-platform-engine-1.9.3.jar:1.9.3]
	at org.junit.platform.engine.support.hierarchical.NodeTestTask.execute(NodeTestTask.java:95) ~[junit-platform-engine-1.9.3.jar:1.9.3]
	at java.base/java.util.ArrayList.forEach(ArrayList.java:1511) ~[na:na]
	at org.junit.platform.engine.support.hierarchical.SameThreadHierarchicalTestExecutorService.invokeAll(SameThreadHierarchicalTestExecutorService.java:41) ~[junit-platform-engine-1.9.3.jar:1.9.3]
	at org.junit.platform.engine.support.hierarchical.NodeTestTask.lambda$executeRecursively$6(NodeTestTask.java:155) ~[junit-platform-engine-1.9.3.jar:1.9.3]
	at org.junit.platform.engine.support.hierarchical.ThrowableCollector.execute(ThrowableCollector.java:73) ~[junit-platform-engine-1.9.3.jar:1.9.3]
	at org.junit.platform.engine.support.hierarchical.NodeTestTask.lambda$executeRecursively$8(NodeTestTask.java:141) ~[junit-platform-engine-1.9.3.jar:1.9.3]
	at org.junit.platform.engine.support.hierarchical.Node.around(Node.java:137) ~[junit-platform-engine-1.9.3.jar:1.9.3]
	at org.junit.platform.engine.support.hierarchical.NodeTestTask.lambda$executeRecursively$9(NodeTestTask.java:139) ~[junit-platform-engine-1.9.3.jar:1.9.3]
	at org.junit.platform.engine.support.hierarchical.ThrowableCollector.execute(ThrowableCollector.java:73) ~[junit-platform-engine-1.9.3.jar:1.9.3]
	at org.junit.platform.engine.support.hierarchical.NodeTestTask.executeRecursively(NodeTestTask.java:138) ~[junit-platform-engine-1.9.3.jar:1.9.3]
	at org.junit.platform.engine.support.hierarchical.NodeTestTask.execute(NodeTestTask.java:95) ~[junit-platform-engine-1.9.3.jar:1.9.3]
	at org.junit.platform.engine.support.hierarchical.SameThreadHierarchicalTestExecutorService.submit(SameThreadHierarchicalTestExecutorService.java:35) ~[junit-platform-engine-1.9.3.jar:1.9.3]
	at org.junit.platform.engine.support.hierarchical.HierarchicalTestExecutor.execute(HierarchicalTestExecutor.java:57) ~[junit-platform-engine-1.9.3.jar:1.9.3]
	at org.junit.platform.engine.support.hierarchical.HierarchicalTestEngine.execute(HierarchicalTestEngine.java:54) ~[junit-platform-engine-1.9.3.jar:1.9.3]
	at org.junit.platform.launcher.core.EngineExecutionOrchestrator.execute(EngineExecutionOrchestrator.java:147) ~[junit-platform-launcher-1.9.3.jar:1.9.3]
	at org.junit.platform.launcher.core.EngineExecutionOrchestrator.execute(EngineExecutionOrchestrator.java:127) ~[junit-platform-launcher-1.9.3.jar:1.9.3]
	at org.junit.platform.launcher.core.EngineExecutionOrchestrator.execute(EngineExecutionOrchestrator.java:90) ~[junit-platform-launcher-1.9.3.jar:1.9.3]
	at org.junit.platform.launcher.core.EngineExecutionOrchestrator.lambda$execute$0(EngineExecutionOrchestrator.java:55) ~[junit-platform-launcher-1.9.3.jar:1.9.3]
	at org.junit.platform.launcher.core.EngineExecutionOrchestrator.withInterceptedStreams(EngineExecutionOrchestrator.java:102) ~[junit-platform-launcher-1.9.3.jar:1.9.3]
	at org.junit.platform.launcher.core.EngineExecutionOrchestrator.execute(EngineExecutionOrchestrator.java:54) ~[junit-platform-launcher-1.9.3.jar:1.9.3]
	at org.junit.platform.launcher.core.DefaultLauncher.execute(DefaultLauncher.java:114) ~[junit-platform-launcher-1.9.3.jar:1.9.3]
	at org.junit.platform.launcher.core.DefaultLauncher.execute(DefaultLauncher.java:86) ~[junit-platform-launcher-1.9.3.jar:1.9.3]
	at org.junit.platform.launcher.core.DefaultLauncherSession$DelegatingLauncher.execute(DefaultLauncherSession.java:86) ~[junit-platform-launcher-1.9.3.jar:1.9.3]
	at org.apache.maven.surefire.junitplatform.LazyLauncher.execute(LazyLauncher.java:50) ~[surefire-junit-platform-3.0.0.jar:3.0.0]
	at org.apache.maven.surefire.junitplatform.JUnitPlatformProvider.execute(JUnitPlatformProvider.java:184) ~[surefire-junit-platform-3.0.0.jar:3.0.0]
	at org.apache.maven.surefire.junitplatform.JUnitPlatformProvider.invokeAllTests(JUnitPlatformProvider.java:148) ~[surefire-junit-platform-3.0.0.jar:3.0.0]
	at org.apache.maven.surefire.junitplatform.JUnitPlatformProvider.invoke(JUnitPlatformProvider.java:122) ~[surefire-junit-platform-3.0.0.jar:3.0.0]
	at org.apache.maven.surefire.booter.ForkedBooter.runSuitesInProcess(ForkedBooter.java:385) ~[surefire-booter-3.0.0.jar:3.0.0]
	at org.apache.maven.surefire.booter.ForkedBooter.execute(ForkedBooter.java:162) ~[surefire-booter-3.0.0.jar:3.0.0]
	at org.apache.maven.surefire.booter.ForkedBooter.run(ForkedBooter.java:507) ~[surefire-booter-3.0.0.jar:3.0.0]
	at org.apache.maven.surefire.booter.ForkedBooter.main(ForkedBooter.java:495) ~[surefire-booter-3.0.0.jar:3.0.0]

2025-12-21T20:22:31.543Z DEBUG 128 --- [           main] o.s.s.w.s.HttpSessionRequestCache        : Saved request http://localhost/api/usuarios?continue to session
2025-12-21T20:22:31.550Z DEBUG 128 --- [           main] s.w.a.DelegatingAuthenticationEntryPoint : Trying to match using And [Not [RequestHeaderRequestMatcher [expectedHeaderName=X-Requested-With, expectedHeaderValue=XMLHttpRequest]], MediaTypeRequestMatcher [contentNegotiationStrategy=org.springframework.web.accept.ContentNegotiationManager@6682e6a5, matchingMediaTypes=[application/xhtml+xml, image/*, text/html, text/plain], useEquals=false, ignoredMediaTypes=[*/*]]]
2025-12-21T20:22:31.551Z DEBUG 128 --- [           main] s.w.a.DelegatingAuthenticationEntryPoint : Trying to match using Or [RequestHeaderRequestMatcher [expectedHeaderName=X-Requested-With, expectedHeaderValue=XMLHttpRequest], And [Not [MediaTypeRequestMatcher [contentNegotiationStrategy=org.springframework.web.accept.ContentNegotiationManager@6682e6a5, matchingMediaTypes=[text/html], useEquals=false, ignoredMediaTypes=[]]], MediaTypeRequestMatcher [contentNegotiationStrategy=org.springframework.web.accept.ContentNegotiationManager@6682e6a5, matchingMediaTypes=[application/atom+xml, application/x-www-form-urlencoded, application/json, application/octet-stream, application/xml, multipart/form-data, text/xml], useEquals=false, ignoredMediaTypes=[*/*]]], MediaTypeRequestMatcher [contentNegotiationStrategy=org.springframework.web.accept.ContentNegotiationManager@6682e6a5, matchingMediaTypes=[*/*], useEquals=true, ignoredMediaTypes=[]]]
2025-12-21T20:22:31.551Z DEBUG 128 --- [           main] s.w.a.DelegatingAuthenticationEntryPoint : Match found! Executing org.springframework.security.web.authentication.DelegatingAuthenticationEntryPoint@6cc8c13c
2025-12-21T20:22:31.551Z DEBUG 128 --- [           main] s.w.a.DelegatingAuthenticationEntryPoint : Trying to match using RequestHeaderRequestMatcher [expectedHeaderName=X-Requested-With, expectedHeaderValue=XMLHttpRequest]
2025-12-21T20:22:31.551Z DEBUG 128 --- [           main] s.w.a.DelegatingAuthenticationEntryPoint : No match found. Using default entry point org.springframework.security.web.authentication.www.BasicAuthenticationEntryPoint@12270a01
2025-12-21T20:22:31.551Z TRACE 128 --- [           main] o.s.s.w.header.writers.HstsHeaderWriter  : Not injecting HSTS header since it did not match request to [Is Secure]
]]></system-out>
  </testcase>
  <testcase name="crearUsuario_datosInvalidos_debeRetornar400" classname="com.pos.usuario.controller.UsuarioControllerTest" time="0.042">
    <system-out><![CDATA[2025-12-21T20:22:31.563Z TRACE 128 --- [           main] o.s.security.web.FilterChainProxy        : Trying to match request against DefaultSecurityFilterChain [RequestMatcher=any request, Filters=[org.springframework.security.web.session.DisableEncodeUrlFilter@b77b0a0, org.springframework.security.web.context.request.async.WebAsyncManagerIntegrationFilter@15be68b, org.springframework.security.web.context.SecurityContextHolderFilter@c67395, org.springframework.security.web.header.HeaderWriterFilter@1958c0d9, org.springframework.security.web.csrf.CsrfFilter@377e573a, org.springframework.security.web.authentication.logout.LogoutFilter@55c03e4, org.springframework.security.web.authentication.UsernamePasswordAuthenticationFilter@604f376a, org.springframework.security.web.authentication.ui.DefaultLoginPageGeneratingFilter@61993d18, org.springframework.security.web.authentication.ui.DefaultLogoutPageGeneratingFilter@22ff1372, org.springframework.security.web.authentication.www.BasicAuthenticationFilter@10166230, org.springframework.security.web.savedrequest.RequestCacheAwareFilter@20a47036, org.springframework.security.web.servletapi.SecurityContextHolderAwareRequestFilter@26865b57, org.springframework.security.web.authentication.AnonymousAuthenticationFilter@356341c9, org.springframework.security.web.access.ExceptionTranslationFilter@1e606f64, org.springframework.security.web.access.intercept.AuthorizationFilter@1488a861]] (1/1)
2025-12-21T20:22:31.564Z TRACE 128 --- [           main] o.s.security.web.FilterChainProxy        : Trying to match request against DefaultSecurityFilterChain [RequestMatcher=any request, Filters=[org.springframework.security.web.session.DisableEncodeUrlFilter@b77b0a0, org.springframework.security.web.context.request.async.WebAsyncManagerIntegrationFilter@15be68b, org.springframework.security.web.context.SecurityContextHolderFilter@c67395, org.springframework.security.web.header.HeaderWriterFilter@1958c0d9, org.springframework.security.web.csrf.CsrfFilter@377e573a, org.springframework.security.web.authentication.logout.LogoutFilter@55c03e4, org.springframework.security.web.authentication.UsernamePasswordAuthenticationFilter@604f376a, org.springframework.security.web.authentication.ui.DefaultLoginPageGeneratingFilter@61993d18, org.springframework.security.web.authentication.ui.DefaultLogoutPageGeneratingFilter@22ff1372, org.springframework.security.web.authentication.www.BasicAuthenticationFilter@10166230, org.springframework.security.web.savedrequest.RequestCacheAwareFilter@20a47036, org.springframework.security.web.servletapi.SecurityContextHolderAwareRequestFilter@26865b57, org.springframework.security.web.authentication.AnonymousAuthenticationFilter@356341c9, org.springframework.security.web.access.ExceptionTranslationFilter@1e606f64, org.springframework.security.web.access.intercept.AuthorizationFilter@1488a861]] (1/1)
2025-12-21T20:22:31.564Z TRACE 128 --- [           main] w.c.HttpSessionSecurityContextRepository : No HttpSession currently exists
2025-12-21T20:22:31.564Z TRACE 128 --- [           main] w.c.HttpSessionSecurityContextRepository : Created SecurityContextImpl [Null authentication]
2025-12-21T20:22:31.564Z TRACE 128 --- [           main] .s.s.w.c.SupplierDeferredSecurityContext : Created SecurityContextImpl [Null authentication]
2025-12-21T20:22:31.564Z DEBUG 128 --- [           main] w.c.HttpSessionSecurityContextRepository : Created HttpSession as SecurityContext is non-default
2025-12-21T20:22:31.565Z DEBUG 128 --- [           main] w.c.HttpSessionSecurityContextRepository : Stored SecurityContextImpl [Authentication=UsernamePasswordAuthenticationToken [Principal=org.springframework.security.core.userdetails.User [Username=user, Password=[PROTECTED], Enabled=true, AccountNonExpired=true, credentialsNonExpired=true, AccountNonLocked=true, Granted Authorities=[ROLE_ADMIN]], Credentials=[PROTECTED], Authenticated=true, Details=null, Granted Authorities=[ROLE_ADMIN]]] to HttpSession [org.springframework.mock.web.MockHttpSession@148fca83]
2025-12-21T20:22:31.565Z TRACE 128 --- [           main] o.s.security.web.FilterChainProxy        : Trying to match request against DefaultSecurityFilterChain [RequestMatcher=any request, Filters=[org.springframework.security.web.session.DisableEncodeUrlFilter@b77b0a0, org.springframework.security.web.context.request.async.WebAsyncManagerIntegrationFilter@15be68b, org.springframework.security.web.context.SecurityContextHolderFilter@c67395, org.springframework.security.web.header.HeaderWriterFilter@1958c0d9, org.springframework.security.web.csrf.CsrfFilter@377e573a, org.springframework.security.web.authentication.logout.LogoutFilter@55c03e4, org.springframework.security.web.authentication.UsernamePasswordAuthenticationFilter@604f376a, org.springframework.security.web.authentication.ui.DefaultLoginPageGeneratingFilter@61993d18, org.springframework.security.web.authentication.ui.DefaultLogoutPageGeneratingFilter@22ff1372, org.springframework.security.web.authentication.www.BasicAuthenticationFilter@10166230, org.springframework.security.web.savedrequest.RequestCacheAwareFilter@20a47036, org.springframework.security.web.servletapi.SecurityContextHolderAwareRequestFilter@26865b57, org.springframework.security.web.authentication.AnonymousAuthenticationFilter@356341c9, org.springframework.security.web.access.ExceptionTranslationFilter@1e606f64, org.springframework.security.web.access.intercept.AuthorizationFilter@1488a861]] (1/1)
2025-12-21T20:22:31.565Z TRACE 128 --- [           main] o.s.security.web.FilterChainProxy        : Trying to match request against DefaultSecurityFilterChain [RequestMatcher=any request, Filters=[org.springframework.security.web.session.DisableEncodeUrlFilter@b77b0a0, org.springframework.security.web.context.request.async.WebAsyncManagerIntegrationFilter@15be68b, org.springframework.security.web.context.SecurityContextHolderFilter@c67395, org.springframework.security.web.header.HeaderWriterFilter@1958c0d9, org.springframework.security.web.csrf.CsrfFilter@377e573a, org.springframework.security.web.authentication.logout.LogoutFilter@55c03e4, org.springframework.security.web.authentication.UsernamePasswordAuthenticationFilter@604f376a, org.springframework.security.web.authentication.ui.DefaultLoginPageGeneratingFilter@61993d18, org.springframework.security.web.authentication.ui.DefaultLogoutPageGeneratingFilter@22ff1372, org.springframework.security.web.authentication.www.BasicAuthenticationFilter@10166230, org.springframework.security.web.savedrequest.RequestCacheAwareFilter@20a47036, org.springframework.security.web.servletapi.SecurityContextHolderAwareRequestFilter@26865b57, org.springframework.security.web.authentication.AnonymousAuthenticationFilter@356341c9, org.springframework.security.web.access.ExceptionTranslationFilter@1e606f64, org.springframework.security.web.access.intercept.AuthorizationFilter@1488a861]] (1/1)
2025-12-21T20:22:31.566Z TRACE 128 --- [           main] o.s.security.web.FilterChainProxy        : Trying to match request against DefaultSecurityFilterChain [RequestMatcher=any request, Filters=[org.springframework.security.web.session.DisableEncodeUrlFilter@b77b0a0, org.springframework.security.web.context.request.async.WebAsyncManagerIntegrationFilter@15be68b, org.springframework.security.web.context.SecurityContextHolderFilter@c67395, org.springframework.security.web.header.HeaderWriterFilter@1958c0d9, org.springframework.security.web.csrf.CsrfFilter@377e573a, org.springframework.security.web.authentication.logout.LogoutFilter@55c03e4, org.springframework.security.web.authentication.UsernamePasswordAuthenticationFilter@604f376a, org.springframework.security.web.authentication.ui.DefaultLoginPageGeneratingFilter@61993d18, org.springframework.security.web.authentication.ui.DefaultLogoutPageGeneratingFilter@22ff1372, org.springframework.security.web.authentication.www.BasicAuthenticationFilter@10166230, org.springframework.security.web.savedrequest.RequestCacheAwareFilter@20a47036, org.springframework.security.web.servletapi.SecurityContextHolderAwareRequestFilter@26865b57, org.springframework.security.web.authentication.AnonymousAuthenticationFilter@356341c9, org.springframework.security.web.access.ExceptionTranslationFilter@1e606f64, org.springframework.security.web.access.intercept.AuthorizationFilter@1488a861]] (1/1)
2025-12-21T20:22:31.566Z DEBUG 128 --- [           main] o.s.security.web.FilterChainProxy        : Securing POST /api/usuarios
2025-12-21T20:22:31.566Z TRACE 128 --- [           main] o.s.security.web.FilterChainProxy        : Invoking DisableEncodeUrlFilter (1/15)
2025-12-21T20:22:31.566Z TRACE 128 --- [           main] o.s.security.web.FilterChainProxy        : Invoking WebAsyncManagerIntegrationFilter (2/15)
2025-12-21T20:22:31.566Z TRACE 128 --- [           main] o.s.security.web.FilterChainProxy        : Invoking SecurityContextHolderFilter (3/15)
2025-12-21T20:22:31.566Z TRACE 128 --- [           main] o.s.security.web.FilterChainProxy        : Invoking HeaderWriterFilter (4/15)
2025-12-21T20:22:31.566Z TRACE 128 --- [           main] o.s.security.web.FilterChainProxy        : Invoking CsrfFilter (5/15)
2025-12-21T20:22:31.566Z TRACE 128 --- [           main] o.s.security.web.FilterChainProxy        : Invoking LogoutFilter (6/15)
2025-12-21T20:22:31.566Z TRACE 128 --- [           main] o.s.s.w.a.logout.LogoutFilter            : Did not match request to Ant [pattern='/logout', POST]
2025-12-21T20:22:31.566Z TRACE 128 --- [           main] o.s.security.web.FilterChainProxy        : Invoking UsernamePasswordAuthenticationFilter (7/15)
2025-12-21T20:22:31.566Z TRACE 128 --- [           main] w.a.UsernamePasswordAuthenticationFilter : Did not match request to Ant [pattern='/login', POST]
2025-12-21T20:22:31.566Z TRACE 128 --- [           main] o.s.security.web.FilterChainProxy        : Invoking DefaultLoginPageGeneratingFilter (8/15)
2025-12-21T20:22:31.566Z TRACE 128 --- [           main] o.s.security.web.FilterChainProxy        : Invoking DefaultLogoutPageGeneratingFilter (9/15)
2025-12-21T20:22:31.566Z TRACE 128 --- [           main] .w.a.u.DefaultLogoutPageGeneratingFilter : Did not render default logout page since request did not match [Ant [pattern='/logout', GET]]
2025-12-21T20:22:31.566Z TRACE 128 --- [           main] o.s.security.web.FilterChainProxy        : Invoking BasicAuthenticationFilter (10/15)
2025-12-21T20:22:31.566Z TRACE 128 --- [           main] o.s.s.w.a.www.BasicAuthenticationFilter  : Did not process authentication request since failed to find username and password in Basic Authorization header
2025-12-21T20:22:31.566Z TRACE 128 --- [           main] o.s.security.web.FilterChainProxy        : Invoking RequestCacheAwareFilter (11/15)
2025-12-21T20:22:31.566Z TRACE 128 --- [           main] o.s.s.w.s.HttpSessionRequestCache        : matchingRequestParameterName is required for getMatchingRequest to lookup a value, but not provided
2025-12-21T20:22:31.567Z TRACE 128 --- [           main] o.s.security.web.FilterChainProxy        : Invoking SecurityContextHolderAwareRequestFilter (12/15)
2025-12-21T20:22:31.567Z TRACE 128 --- [           main] o.s.security.web.FilterChainProxy        : Invoking AnonymousAuthenticationFilter (13/15)
2025-12-21T20:22:31.567Z TRACE 128 --- [           main] o.s.security.web.FilterChainProxy        : Invoking ExceptionTranslationFilter (14/15)
2025-12-21T20:22:31.567Z TRACE 128 --- [           main] o.s.security.web.FilterChainProxy        : Invoking AuthorizationFilter (15/15)
2025-12-21T20:22:31.567Z TRACE 128 --- [           main] estMatcherDelegatingAuthorizationManager : Authorizing SecurityContextHolderAwareRequestWrapper[ org.springframework.security.web.header.HeaderWriterFilter$HeaderWriterRequest@2d2a8819]
2025-12-21T20:22:31.567Z TRACE 128 --- [           main] estMatcherDelegatingAuthorizationManager : Checking authorization on SecurityContextHolderAwareRequestWrapper[ org.springframework.security.web.header.HeaderWriterFilter$HeaderWriterRequest@2d2a8819] using org.springframework.security.authorization.AuthenticatedAuthorizationManager@37caecda
2025-12-21T20:22:31.567Z TRACE 128 --- [           main] w.c.HttpSessionSecurityContextRepository : Retrieved SecurityContextImpl [Authentication=UsernamePasswordAuthenticationToken [Principal=org.springframework.security.core.userdetails.User [Username=user, Password=[PROTECTED], Enabled=true, AccountNonExpired=true, credentialsNonExpired=true, AccountNonLocked=true, Granted Authorities=[ROLE_ADMIN]], Credentials=[PROTECTED], Authenticated=true, Details=null, Granted Authorities=[ROLE_ADMIN]]] from SPRING_SECURITY_CONTEXT
2025-12-21T20:22:31.567Z TRACE 128 --- [           main] o.s.s.w.a.AnonymousAuthenticationFilter  : Did not set SecurityContextHolder since already authenticated UsernamePasswordAuthenticationToken [Principal=org.springframework.security.core.userdetails.User [Username=user, Password=[PROTECTED], Enabled=true, AccountNonExpired=true, credentialsNonExpired=true, AccountNonLocked=true, Granted Authorities=[ROLE_ADMIN]], Credentials=[PROTECTED], Authenticated=true, Details=null, Granted Authorities=[ROLE_ADMIN]]
2025-12-21T20:22:31.567Z DEBUG 128 --- [           main] o.s.security.web.FilterChainProxy        : Secured POST /api/usuarios
2025-12-21T20:22:31.567Z DEBUG 128 --- [           main] s.w.s.m.m.a.RequestMappingHandlerMapping : Mapped to com.pos.usuario.controller.UsuarioController#crearUsuario(CrearUsuarioRequest)
[...]
2025-12-21T20:22:31.691Z TRACE 128 --- [           main] o.s.security.web.FilterChainProxy        : Trying to match request against DefaultSecurityFilterChain [RequestMatcher=any request, Filters=[org.springframework.security.web.session.DisableEncodeUrlFilter@b77b0a0, org.springframework.security.web.context.request.async.WebAsyncManagerIntegrationFilter@15be68b, org.springframework.security.web.context.SecurityContextHolderFilter@c67395, org.springframework.security.web.header.HeaderWriterFilter@1958c0d9, org.springframework.security.web.csrf.CsrfFilter@377e573a, org.springframework.security.web.authentication.logout.LogoutFilter@55c03e4, org.springframework.security.web.authentication.UsernamePasswordAuthenticationFilter@604f376a, org.springframework.security.web.authentication.ui.DefaultLoginPageGeneratingFilter@61993d18, org.springframework.security.web.authentication.ui.DefaultLogoutPageGeneratingFilter@22ff1372, org.springframework.security.web.authentication.www.BasicAuthenticationFilter@10166230, org.springframework.security.web.savedrequest.RequestCacheAwareFilter@20a47036, org.springframework.security.web.servletapi.SecurityContextHolderAwareRequestFilter@26865b57, org.springframework.security.web.authentication.AnonymousAuthenticationFilter@356341c9, org.springframework.security.web.access.ExceptionTranslationFilter@1e606f64, org.springframework.security.web.access.intercept.AuthorizationFilter@1488a861]] (1/1)
2025-12-21T20:22:31.691Z DEBUG 128 --- [           main] o.s.security.web.FilterChainProxy        : Securing POST /api/usuarios
2025-12-21T20:22:31.691Z TRACE 128 --- [           main] o.s.security.web.FilterChainProxy        : Invoking DisableEncodeUrlFilter (1/15)
2025-12-21T20:22:31.691Z TRACE 128 --- [           main] o.s.security.web.FilterChainProxy        : Invoking WebAsyncManagerIntegrationFilter (2/15)
2025-12-21T20:22:31.691Z TRACE 128 --- [           main] o.s.security.web.FilterChainProxy        : Invoking SecurityContextHolderFilter (3/15)
2025-12-21T20:22:31.691Z TRACE 128 --- [           main] o.s.security.web.FilterChainProxy        : Invoking HeaderWriterFilter (4/15)
2025-12-21T20:22:31.691Z TRACE 128 --- [           main] o.s.security.web.FilterChainProxy        : Invoking CsrfFilter (5/15)
2025-12-21T20:22:31.691Z TRACE 128 --- [           main] o.s.security.web.FilterChainProxy        : Invoking LogoutFilter (6/15)
2025-12-21T20:22:31.691Z TRACE 128 --- [           main] o.s.s.w.a.logout.LogoutFilter            : Did not match request to Ant [pattern='/logout', POST]
2025-12-21T20:22:31.692Z TRACE 128 --- [           main] o.s.security.web.FilterChainProxy        : Invoking UsernamePasswordAuthenticationFilter (7/15)
2025-12-21T20:22:31.692Z TRACE 128 --- [           main] w.a.UsernamePasswordAuthenticationFilter : Did not match request to Ant [pattern='/login', POST]
2025-12-21T20:22:31.692Z TRACE 128 --- [           main] o.s.security.web.FilterChainProxy        : Invoking DefaultLoginPageGeneratingFilter (8/15)
2025-12-21T20:22:31.692Z TRACE 128 --- [           main] o.s.security.web.FilterChainProxy        : Invoking DefaultLogoutPageGeneratingFilter (9/15)
2025-12-21T20:22:31.692Z TRACE 128 --- [           main] .w.a.u.DefaultLogoutPageGeneratingFilter : Did not render default logout page since request did not match [Ant [pattern='/logout', GET]]
2025-12-21T20:22:31.692Z TRACE 128 --- [           main] o.s.security.web.FilterChainProxy        : Invoking BasicAuthenticationFilter (10/15)
2025-12-21T20:22:31.692Z TRACE 128 --- [           main] o.s.s.w.a.www.BasicAuthenticationFilter  : Did not process authentication request since failed to find username and password in Basic Authorization header
2025-12-21T20:22:31.692Z TRACE 128 --- [           main] o.s.security.web.FilterChainProxy        : Invoking RequestCacheAwareFilter (11/15)
2025-12-21T20:22:31.692Z TRACE 128 --- [           main] o.s.s.w.s.HttpSessionRequestCache        : matchingRequestParameterName is required for getMatchingRequest to lookup a value, but not provided
2025-12-21T20:22:31.692Z TRACE 128 --- [           main] o.s.security.web.FilterChainProxy        : Invoking SecurityContextHolderAwareRequestFilter (12/15)
2025-12-21T20:22:31.692Z TRACE 128 --- [           main] o.s.security.web.FilterChainProxy        : Invoking AnonymousAuthenticationFilter (13/15)
2025-12-21T20:22:31.692Z TRACE 128 --- [           main] o.s.security.web.FilterChainProxy        : Invoking ExceptionTranslationFilter (14/15)
2025-12-21T20:22:31.692Z TRACE 128 --- [           main] o.s.security.web.FilterChainProxy        : Invoking AuthorizationFilter (15/15)
2025-12-21T20:22:31.692Z TRACE 128 --- [           main] estMatcherDelegatingAuthorizationManager : Authorizing SecurityContextHolderAwareRequestWrapper[ org.springframework.security.web.header.HeaderWriterFilter$HeaderWriterRequest@4dad2363]
2025-12-21T20:22:31.692Z TRACE 128 --- [           main] estMatcherDelegatingAuthorizationManager : Checking authorization on SecurityContextHolderAwareRequestWrapper[ org.springframework.security.web.header.HeaderWriterFilter$HeaderWriterRequest@4dad2363] using org.springframework.security.authorization.AuthenticatedAuthorizationManager@37caecda
2025-12-21T20:22:31.692Z TRACE 128 --- [           main] w.c.HttpSessionSecurityContextRepository : Retrieved SecurityContextImpl [Authentication=UsernamePasswordAuthenticationToken [Principal=org.springframework.security.core.userdetails.User [Username=user, Password=[PROTECTED], Enabled=true, AccountNonExpired=true, credentialsNonExpired=true, AccountNonLocked=true, Granted Authorities=[ROLE_ADMIN]], Credentials=[PROTECTED], Authenticated=true, Details=null, Granted Authorities=[ROLE_ADMIN]]] from SPRING_SECURITY_CONTEXT
2025-12-21T20:22:31.692Z TRACE 128 --- [           main] o.s.s.w.a.AnonymousAuthenticationFilter  : Did not set SecurityContextHolder since already authenticated UsernamePasswordAuthenticationToken [Principal=org.springframework.security.core.userdetails.User [Username=user, Password=[PROTECTED], Enabled=true, AccountNonExpired=true, credentialsNonExpired=true, AccountNonLocked=true, Granted Authorities=[ROLE_ADMIN]], Credentials=[PROTECTED], Authenticated=true, Details=null, Granted Authorities=[ROLE_ADMIN]]
2025-12-21T20:22:31.692Z DEBUG 128 --- [           main] o.s.security.web.FilterChainProxy        : Secured POST /api/usuarios
2025-12-21T20:22:31.693Z DEBUG 128 --- [           main] s.w.s.m.m.a.RequestMappingHandlerMapping : Mapped to com.pos.usuario.controller.UsuarioController#crearUsuario(CrearUsuarioRequest)
2025-12-21T20:22:31.695Z DEBUG 128 --- [           main] m.m.a.RequestResponseBodyMethodProcessor : Read "application/json;charset=UTF-8" to [com.pos.usuario.dto.CrearUsuarioRequest@114b2414]
2025-12-21T20:22:31.698Z DEBUG 128 --- [           main] o.s.w.s.m.m.a.HttpEntityMethodProcessor  : Using 'application/json', given [*/*] and supported [application/json, application/*+json]
2025-12-21T20:22:31.699Z DEBUG 128 --- [           main] o.s.w.s.m.m.a.HttpEntityMethodProcessor  : Writing [com.pos.usuario.dto.UsuarioResponse@57920d6c]
2025-12-21T20:22:31.699Z TRACE 128 --- [           main] o.s.s.w.header.writers.HstsHeaderWriter  : Not injecting HSTS header since it did not match request to [Is Secure]
]]></system-out>
  </testcase>
  <testcase name="listarUsuarios_debeRetornarListaDeUsuarios" classname="com.pos.usuario.controller.UsuarioControllerTest" time="0.018">
    <system-out><![CDATA[2025-12-21T20:22:31.706Z TRACE 128 --- [           main] o.s.security.web.FilterChainProxy        : Trying to match request against DefaultSecurityFilterChain [RequestMatcher=any request, Filters=[org.springframework.security.web.session.DisableEncodeUrlFilter@b77b0a0, org.springframework.security.web.context.request.async.WebAsyncManagerIntegrationFilter@15be68b, org.springframework.security.web.context.SecurityContextHolderFilter@c67395, org.springframework.security.web.header.HeaderWriterFilter@1958c0d9, org.springframework.security.web.csrf.CsrfFilter@377e573a, org.springframework.security.web.authentication.logout.LogoutFilter@55c03e4, org.springframework.security.web.authentication.UsernamePasswordAuthenticationFilter@604f376a, org.springframework.security.web.authentication.ui.DefaultLoginPageGeneratingFilter@61993d18, org.springframework.security.web.authentication.ui.DefaultLogoutPageGeneratingFilter@22ff1372, org.springframework.security.web.authentication.www.BasicAuthenticationFilter@10166230, org.springframework.security.web.savedrequest.RequestCacheAwareFilter@20a47036, org.springframework.security.web.servletapi.SecurityContextHolderAwareRequestFilter@26865b57, org.springframework.security.web.authentication.AnonymousAuthenticationFilter@356341c9, org.springframework.security.web.access.ExceptionTranslationFilter@1e606f64, org.springframework.security.web.access.intercept.AuthorizationFilter@1488a861]] (1/1)
2025-12-21T20:22:31.706Z TRACE 128 --- [           main] o.s.security.web.FilterChainProxy        : Trying to match request against DefaultSecurityFilterChain [RequestMatcher=any request, Filters=[org.springframework.security.web.session.DisableEncodeUrlFilter@b77b0a0, org.springframework.security.web.context.request.async.WebAsyncManagerIntegrationFilter@15be68b, org.springframework.security.web.context.SecurityContextHolderFilter@c67395, org.springframework.security.web.header.HeaderWriterFilter@1958c0d9, org.springframework.security.web.csrf.CsrfFilter@377e573a, org.springframework.security.web.authentication.logout.LogoutFilter@55c03e4, org.springframework.security.web.authentication.UsernamePasswordAuthenticationFilter@604f376a, org.springframework.security.web.authentication.ui.DefaultLoginPageGeneratingFilter@61993d18, org.springframework.security.web.authentication.ui.DefaultLogoutPageGeneratingFilter@22ff1372, org.springframework.security.web.authentication.www.BasicAuthenticationFilter@10166230, org.springframework.security.web.savedrequest.RequestCacheAwareFilter@20a47036, org.springframework.security.web.servletapi.SecurityContextHolderAwareRequestFilter@26865b57, org.springframework.security.web.authentication.AnonymousAuthenticationFilter@356341c9, org.springframework.security.web.access.ExceptionTranslationFilter@1e606f64, org.springframework.security.web.access.intercept.AuthorizationFilter@1488a861]] (1/1)
2025-12-21T20:22:31.707Z TRACE 128 --- [           main] w.c.HttpSessionSecurityContextRepository : No HttpSession currently exists
2025-12-21T20:22:31.707Z TRACE 128 --- [           main] w.c.HttpSessionSecurityContextRepository : Created SecurityContextImpl [Null authentication]
2025-12-21T20:22:31.707Z TRACE 128 --- [           main] .s.s.w.c.SupplierDeferredSecurityContext : Created SecurityContextImpl [Null authentication]
2025-12-21T20:22:31.707Z DEBUG 128 --- [           main] w.c.HttpSessionSecurityContextRepository : Created HttpSession as SecurityContext is non-default
2025-12-21T20:22:31.707Z DEBUG 128 --- [           main] w.c.HttpSessionSecurityContextRepository : Stored SecurityContextImpl [Authentication=UsernamePasswordAuthenticationToken [Principal=org.springframework.security.core.userdetails.User [Username=user, Password=[PROTECTED], Enabled=true, AccountNonExpired=true, credentialsNonExpired=true, AccountNonLocked=true, Granted Authorities=[ROLE_ADMIN]], Credentials=[PROTECTED], Authenticated=true, Details=null, Granted Authorities=[ROLE_ADMIN]]] to HttpSession [org.springframework.mock.web.MockHttpSession@5d5cd210]
2025-12-21T20:22:31.707Z TRACE 128 --- [           main] o.s.security.web.FilterChainProxy        : Trying to match request against DefaultSecurityFilterChain [RequestMatcher=any request, Filters=[org.springframework.security.web.session.DisableEncodeUrlFilter@b77b0a0, org.springframework.security.web.context.request.async.WebAsyncManagerIntegrationFilter@15be68b, org.springframework.security.web.context.SecurityContextHolderFilter@c67395, org.springframework.security.web.header.HeaderWriterFilter@1958c0d9, org.springframework.security.web.csrf.CsrfFilter@377e573a, org.springframework.security.web.authentication.logout.LogoutFilter@55c03e4, org.springframework.security.web.authentication.UsernamePasswordAuthenticationFilter@604f376a, org.springframework.security.web.authentication.ui.DefaultLoginPageGeneratingFilter@61993d18, org.springframework.security.web.authentication.ui.DefaultLogoutPageGeneratingFilter@22ff1372, org.springframework.security.web.authentication.www.BasicAuthenticationFilter@10166230, org.springframework.security.web.savedrequest.RequestCacheAwareFilter@20a47036, org.springframework.security.web.servletapi.SecurityContextHolderAwareRequestFilter@26865b57, org.springframework.security.web.authentication.AnonymousAuthenticationFilter@356341c9, org.springframework.security.web.access.ExceptionTranslationFilter@1e606f64, org.springframework.security.web.access.intercept.AuthorizationFilter@1488a861]] (1/1)
2025-12-21T20:22:31.707Z DEBUG 128 --- [           main] o.s.security.web.FilterChainProxy        : Securing GET /api/usuarios
2025-12-21T20:22:31.707Z TRACE 128 --- [           main] o.s.security.web.FilterChainProxy        : Invoking DisableEncodeUrlFilter (1/15)
2025-12-21T20:22:31.707Z TRACE 128 --- [           main] o.s.security.web.FilterChainProxy        : Invoking WebAsyncManagerIntegrationFilter (2/15)
2025-12-21T20:22:31.707Z TRACE 128 --- [           main] o.s.security.web.FilterChainProxy        : Invoking SecurityContextHolderFilter (3/15)
2025-12-21T20:22:31.707Z TRACE 128 --- [           main] o.s.security.web.FilterChainProxy        : Invoking HeaderWriterFilter (4/15)
2025-12-21T20:22:31.707Z TRACE 128 --- [           main] o.s.security.web.FilterChainProxy        : Invoking CsrfFilter (5/15)
2025-12-21T20:22:31.707Z TRACE 128 --- [           main] o.s.security.web.csrf.CsrfFilter         : Did not protect against CSRF since request did not match CsrfNotRequired [TRACE, HEAD, GET, OPTIONS]
2025-12-21T20:22:31.707Z TRACE 128 --- [           main] o.s.security.web.FilterChainProxy        : Invoking LogoutFilter (6/15)
2025-12-21T20:22:31.707Z TRACE 128 --- [           main] o.s.s.w.a.logout.LogoutFilter            : Did not match request to Ant [pattern='/logout', POST]
2025-12-21T20:22:31.707Z TRACE 128 --- [           main] o.s.security.web.FilterChainProxy        : Invoking UsernamePasswordAuthenticationFilter (7/15)
2025-12-21T20:22:31.707Z TRACE 128 --- [           main] w.a.UsernamePasswordAuthenticationFilter : Did not match request to Ant [pattern='/login', POST]
2025-12-21T20:22:31.707Z TRACE 128 --- [           main] o.s.security.web.FilterChainProxy        : Invoking DefaultLoginPageGeneratingFilter (8/15)
2025-12-21T20:22:31.707Z TRACE 128 --- [           main] o.s.security.web.FilterChainProxy        : Invoking DefaultLogoutPageGeneratingFilter (9/15)
2025-12-21T20:22:31.707Z TRACE 128 --- [           main] .w.a.u.DefaultLogoutPageGeneratingFilter : Did not render default logout page since request did not match [Ant [pattern='/logout', GET]]
2025-12-21T20:22:31.707Z TRACE 128 --- [           main] o.s.security.web.FilterChainProxy        : Invoking BasicAuthenticationFilter (10/15)
2025-12-21T20:22:31.707Z TRACE 128 --- [           main] o.s.s.w.a.www.BasicAuthenticationFilter  : Did not process authentication request since failed to find username and password in Basic Authorization header
2025-12-21T20:22:31.708Z TRACE 128 --- [           main] o.s.security.web.FilterChainProxy        : Invoking RequestCacheAwareFilter (11/15)
2025-12-21T20:22:31.708Z TRACE 128 --- [           main] o.s.s.w.s.HttpSessionRequestCache        : matchingRequestParameterName is required for getMatchingRequest to lookup a value, but not provided
2025-12-21T20:22:31.708Z TRACE 128 --- [           main] o.s.security.web.FilterChainProxy        : Invoking SecurityContextHolderAwareRequestFilter (12/15)
2025-12-21T20:22:31.708Z TRACE 128 --- [           main] o.s.security.web.FilterChainProxy        : Invoking AnonymousAuthenticationFilter (13/15)
2025-12-21T20:22:31.708Z TRACE 128 --- [           main] o.s.security.web.FilterChainProxy        : Invoking ExceptionTranslationFilter (14/15)
2025-12-21T20:22:31.708Z TRACE 128 --- [           main] o.s.security.web.FilterChainProxy        : Invoking AuthorizationFilter (15/15)
2025-12-21T20:22:31.708Z TRACE 128 --- [           main] estMatcherDelegatingAuthorizationManager : Authorizing SecurityContextHolderAwareRequestWrapper[ org.springframework.security.web.header.HeaderWriterFilter$HeaderWriterRequest@14d18029]
2025-12-21T20:22:31.708Z TRACE 128 --- [           main] estMatcherDelegatingAuthorizationManager : Checking authorization on SecurityContextHolderAwareRequestWrapper[ org.springframework.security.web.header.HeaderWriterFilter$HeaderWriterRequest@14d18029] using org.springframework.security.authorization.AuthenticatedAuthorizationManager@37caecda
2025-12-21T20:22:31.708Z TRACE 128 --- [           main] w.c.HttpSessionSecurityContextRepository : Retrieved SecurityContextImpl [Authentication=UsernamePasswordAuthenticationToken [Principal=org.springframework.security.core.userdetails.User [Username=user, Password=[PROTECTED], Enabled=true, AccountNonExpired=true, credentialsNonExpired=true, AccountNonLocked=true, Granted Authorities=[ROLE_ADMIN]], Credentials=[PROTECTED], Authenticated=true, Details=null, Granted Authorities=[ROLE_ADMIN]]] from SPRING_SECURITY_CONTEXT
2025-12-21T20:22:31.708Z TRACE 128 --- [           main] o.s.s.w.a.AnonymousAuthenticationFilter  : Did not set SecurityContextHolder since already authenticated UsernamePasswordAuthenticationToken [Principal=org.springframework.security.core.userdetails.User [Username=user, Password=[PROTECTED], Enabled=true, AccountNonExpired=true, credentialsNonExpired=true, AccountNonLocked=true, Granted Authorities=[ROLE_ADMIN]], Credentials=[PROTECTED], Authenticated=true, Details=null, Granted Authorities=[ROLE_ADMIN]]
2025-12-21T20:22:31.708Z DEBUG 128 --- [           main] o.s.security.web.FilterChainProxy        : Secured GET /api/usuarios
2025-12-21T20:22:31.708Z DEBUG 128 --- [           main] s.w.s.m.m.a.RequestMappingHandlerMapping : Mapped to com.pos.usuario.controller.UsuarioController#listarUsuarios()
2025-12-21T20:22:31.713Z DEBUG 128 --- [           main] o.s.w.s.m.m.a.HttpEntityMethodProcessor  : Using 'application/json', given [*/*] and supported [application/json, application/*+json]
2025-12-21T20:22:31.714Z DEBUG 128 --- [           main] o.s.w.s.m.m.a.HttpEntityMethodProcessor  : Writing [[com.pos.usuario.dto.UsuarioResponse@56e8a8a0]]
2025-12-21T20:22:31.715Z TRACE 128 --- [           main] o.s.s.w.header.writers.HstsHeaderWriter  : Not injecting HSTS header since it did not match request to [Is Secure]
]]></system-out>
  </testcase>
</testsuite>